BSNLP-NER shared task evaluation report
***************************************
1) Recognition
==============
1a) Relaxed partial matching
----------------------------
All corpora:	R=1.00000	P=1.00000	F=1.00000
	PER:	R=1.00000	P=1.00000	F=1.00000
	LOC:	R=1.00000	P=1.00000	F=1.00000
	ORG:	R=1.00000	P=1.00000	F=1.00000
	MISC:	R=1.00000	P=1.00000	F=1.00000
	cs:	R=1.00000	P=1.00000	F=1.00000
		PER:	R=1.00000	P=1.00000	F=1.00000
		LOC:	R=1.00000	P=1.00000	F=1.00000
		ORG:	R=1.00000	P=1.00000	F=1.00000
		MISC:	R=1.00000	P=1.00000	F=1.00000
	sk:	R=1.00000	P=1.00000	F=1.00000
		PER:	R=1.00000	P=1.00000	F=1.00000
		LOC:	R=1.00000	P=1.00000	F=1.00000
		ORG:	R=1.00000	P=1.00000	F=1.00000
		MISC:	R=1.00000	P=1.00000	F=1.00000
	pl:	R=1.00000	P=1.00000	F=1.00000
		PER:	R=1.00000	P=1.00000	F=1.00000
		LOC:	R=1.00000	P=1.00000	F=1.00000
		ORG:	R=1.00000	P=1.00000	F=1.00000
		MISC:	R=1.00000	P=1.00000	F=1.00000
	trump:	R=1.00000	P=1.00000	F=1.00000
		PER:	R=1.00000	P=1.00000	F=1.00000
		LOC:	R=1.00000	P=1.00000	F=1.00000
		ORG:	R=1.00000	P=1.00000	F=1.00000
		MISC:	R=1.00000	P=1.00000	F=1.00000
		cs:	R=1.00000	P=1.00000	F=1.00000
			PER:	R=1.00000	P=1.00000	F=1.00000
			LOC:	R=1.00000	P=1.00000	F=1.00000
			ORG:	R=1.00000	P=1.00000	F=1.00000
			MISC:	R=1.00000	P=1.00000	F=1.00000
			111:	R=1.00000	P=1.00000	F=1.00000
				PER:	R=1.00000	P=1.00000	F=1.00000
				LOC:	R=1.00000	P=1.00000	F=1.00000
				ORG:	R=1.00000	P=1.00000	F=1.00000
				MISC:	R=1.00000	P=1.00000	F=1.00000
			112:	R=1.00000	P=1.00000	F=1.00000
				PER:	R=1.00000	P=1.00000	F=1.00000
				LOC:	R=1.00000	P=1.00000	F=1.00000
				ORG:	R=1.00000	P=1.00000	F=1.00000
				MISC:	R=1.00000	P=1.00000	F=1.00000
			113:	R=1.00000	P=1.00000	F=1.00000
				PER:	R=1.00000	P=1.00000	F=1.00000
				LOC:	R=1.00000	P=1.00000	F=1.00000
				ORG:	R=1.00000	P=1.00000	F=1.00000
			101:	R=1.00000	P=1.00000	F=1.00000
				PER:	R=1.00000	P=1.00000	F=1.00000
				LOC:	R=1.00000	P=1.00000	F=1.00000
			103:	R=1.00000	P=1.00000	F=1.00000
				PER:	R=1.00000	P=1.00000	F=1.00000
				LOC:	R=1.00000	P=1.00000	F=1.00000
				ORG:	R=1.00000	P=1.00000	F=1.00000
		sk:	R=1.00000	P=1.00000	F=1.00000
			PER:	R=1.00000	P=1.00000	F=1.00000
			LOC:	R=1.00000	P=1.00000	F=1.00000
			ORG:	R=1.00000	P=1.00000	F=1.00000
			MISC:	R=1.00000	P=1.00000	F=1.00000
			430:	R=1.00000	P=1.00000	F=1.00000
				PER:	R=1.00000	P=1.00000	F=1.00000
				LOC:	R=1.00000	P=1.00000	F=1.00000
				ORG:	R=1.00000	P=1.00000	F=1.00000
			434:	R=1.00000	P=1.00000	F=1.00000
				PER:	R=1.00000	P=1.00000	F=1.00000
				LOC:	R=1.00000	P=1.00000	F=1.00000
				ORG:	R=1.00000	P=1.00000	F=1.00000
			100:	R=1.00000	P=1.00000	F=1.00000
				PER:	R=1.00000	P=1.00000	F=1.00000
				LOC:	R=1.00000	P=1.00000	F=1.00000
				ORG:	R=1.00000	P=1.00000	F=1.00000
				MISC:	R=1.00000	P=1.00000	F=1.00000
			425:	R=1.00000	P=1.00000	F=1.00000
				PER:	R=1.00000	P=1.00000	F=1.00000
				LOC:	R=1.00000	P=1.00000	F=1.00000
				ORG:	R=1.00000	P=1.00000	F=1.00000
				MISC:	R=1.00000	P=1.00000	F=1.00000
			428:	R=1.00000	P=1.00000	F=1.00000
				PER:	R=1.00000	P=1.00000	F=1.00000
				LOC:	R=1.00000	P=1.00000	F=1.00000
				ORG:	R=1.00000	P=1.00000	F=1.00000
		pl:	R=1.00000	P=1.00000	F=1.00000
			PER:	R=1.00000	P=1.00000	F=1.00000
			LOC:	R=1.00000	P=1.00000	F=1.00000
			ORG:	R=1.00000	P=1.00000	F=1.00000
			MISC:	R=1.00000	P=1.00000	F=1.00000
			23:	R=1.00000	P=1.00000	F=1.00000
				PER:	R=1.00000	P=1.00000	F=1.00000
				LOC:	R=1.00000	P=1.00000	F=1.00000
				ORG:	R=1.00000	P=1.00000	F=1.00000
				MISC:	R=1.00000	P=1.00000	F=1.00000
			25:	R=1.00000	P=1.00000	F=1.00000
				PER:	R=1.00000	P=1.00000	F=1.00000
				LOC:	R=1.00000	P=1.00000	F=1.00000
				ORG:	R=1.00000	P=1.00000	F=1.00000
				MISC:	R=1.00000	P=1.00000	F=1.00000
			16:	R=1.00000	P=1.00000	F=1.00000
				PER:	R=1.00000	P=1.00000	F=1.00000
				LOC:	R=1.00000	P=1.00000	F=1.00000
				ORG:	R=1.00000	P=1.00000	F=1.00000
			18:	R=1.00000	P=1.00000	F=1.00000
				PER:	R=1.00000	P=1.00000	F=1.00000
				LOC:	R=1.00000	P=1.00000	F=1.00000
				ORG:	R=1.00000	P=1.00000	F=1.00000
				MISC:	R=1.00000	P=1.00000	F=1.00000
			21:	R=1.00000	P=1.00000	F=1.00000
				PER:	R=1.00000	P=1.00000	F=1.00000
				LOC:	R=1.00000	P=1.00000	F=1.00000
				ORG:	R=1.00000	P=1.00000	F=1.00000
				MISC:	R=1.00000	P=1.00000	F=1.00000
	ec:	R=1.00000	P=1.00000	F=1.00000
		PER:	R=1.00000	P=1.00000	F=1.00000
		LOC:	R=1.00000	P=1.00000	F=1.00000
		ORG:	R=1.00000	P=1.00000	F=1.00000
		MISC:	R=1.00000	P=1.00000	F=1.00000
		cs:	R=1.00000	P=1.00000	F=1.00000
			PER:	R=1.00000	P=1.00000	F=1.00000
			LOC:	R=1.00000	P=1.00000	F=1.00000
			ORG:	R=1.00000	P=1.00000	F=1.00000
			MISC:	R=1.00000	P=1.00000	F=1.00000
			100:	R=1.00000	P=1.00000	F=1.00000
				PER:	R=1.00000	P=1.00000	F=1.00000
				LOC:	R=1.00000	P=1.00000	F=1.00000
				ORG:	R=1.00000	P=1.00000	F=1.00000
				MISC:	R=1.00000	P=1.00000	F=1.00000
			101:	R=1.00000	P=1.00000	F=1.00000
				LOC:	R=1.00000	P=1.00000	F=1.00000
				ORG:	R=1.00000	P=1.00000	F=1.00000
				MISC:	R=1.00000	P=1.00000	F=1.00000
			103:	R=1.00000	P=1.00000	F=1.00000
				PER:	R=1.00000	P=1.00000	F=1.00000
				LOC:	R=1.00000	P=1.00000	F=1.00000
				ORG:	R=1.00000	P=1.00000	F=1.00000
				MISC:	R=1.00000	P=1.00000	F=1.00000
			105:	R=1.00000	P=1.00000	F=1.00000
				PER:	R=1.00000	P=1.00000	F=1.00000
				LOC:	R=1.00000	P=1.00000	F=1.00000
				ORG:	R=1.00000	P=1.00000	F=1.00000
			109:	R=1.00000	P=1.00000	F=1.00000
				PER:	R=1.00000	P=1.00000	F=1.00000
				LOC:	R=1.00000	P=1.00000	F=1.00000
				ORG:	R=1.00000	P=1.00000	F=1.00000
		sk:	R=1.00000	P=1.00000	F=1.00000
			PER:	R=1.00000	P=1.00000	F=1.00000
			LOC:	R=1.00000	P=1.00000	F=1.00000
			ORG:	R=1.00000	P=1.00000	F=1.00000
			MISC:	R=1.00000	P=1.00000	F=1.00000
			454:	R=1.00000	P=1.00000	F=1.00000
				PER:	R=1.00000	P=1.00000	F=1.00000
				LOC:	R=1.00000	P=1.00000	F=1.00000
				ORG:	R=1.00000	P=1.00000	F=1.00000
				MISC:	R=1.00000	P=1.00000	F=1.00000
			455:	R=1.00000	P=1.00000	F=1.00000
				PER:	R=1.00000	P=1.00000	F=1.00000
				LOC:	R=1.00000	P=1.00000	F=1.00000
				ORG:	R=1.00000	P=1.00000	F=1.00000
			456:	R=1.00000	P=1.00000	F=1.00000
				PER:	R=1.00000	P=1.00000	F=1.00000
				LOC:	R=1.00000	P=1.00000	F=1.00000
				ORG:	R=1.00000	P=1.00000	F=1.00000
				MISC:	R=1.00000	P=1.00000	F=1.00000
			459:	R=1.00000	P=1.00000	F=1.00000
				PER:	R=1.00000	P=1.00000	F=1.00000
				LOC:	R=1.00000	P=1.00000	F=1.00000
				ORG:	R=1.00000	P=1.00000	F=1.00000
				MISC:	R=1.00000	P=1.00000	F=1.00000
			460:	R=1.00000	P=1.00000	F=1.00000
				LOC:	R=1.00000	P=1.00000	F=1.00000
				ORG:	R=1.00000	P=1.00000	F=1.00000
		pl:	R=1.00000	P=1.00000	F=1.00000
			PER:	R=1.00000	P=1.00000	F=1.00000
			LOC:	R=1.00000	P=1.00000	F=1.00000
			ORG:	R=1.00000	P=1.00000	F=1.00000
			MISC:	R=1.00000	P=1.00000	F=1.00000
			27:	R=1.00000	P=1.00000	F=1.00000
				PER:	R=1.00000	P=1.00000	F=1.00000
				LOC:	R=1.00000	P=1.00000	F=1.00000
				ORG:	R=1.00000	P=1.00000	F=1.00000
			29:	R=1.00000	P=1.00000	F=1.00000
				PER:	R=1.00000	P=1.00000	F=1.00000
				LOC:	R=1.00000	P=1.00000	F=1.00000
				ORG:	R=1.00000	P=1.00000	F=1.00000
			32:	R=1.00000	P=1.00000	F=1.00000
				LOC:	R=1.00000	P=1.00000	F=1.00000
				ORG:	R=1.00000	P=1.00000	F=1.00000
				MISC:	R=1.00000	P=1.00000	F=1.00000
			11:	R=1.00000	P=1.00000	F=1.00000
				LOC:	R=1.00000	P=1.00000	F=1.00000
				ORG:	R=1.00000	P=1.00000	F=1.00000
				MISC:	R=1.00000	P=1.00000	F=1.00000
			3:	R=1.00000	P=1.00000	F=1.00000
				PER:	R=1.00000	P=1.00000	F=1.00000
				LOC:	R=1.00000	P=1.00000	F=1.00000
				ORG:	R=1.00000	P=1.00000	F=1.00000
				MISC:	R=1.00000	P=1.00000	F=1.00000
1b) Relaxed exact matching
--------------------------
All corpora:	R=1.00000	P=1.00000	F=1.00000
	PER:	R=1.00000	P=1.00000	F=1.00000
	LOC:	R=1.00000	P=1.00000	F=1.00000
	ORG:	R=1.00000	P=1.00000	F=1.00000
	MISC:	R=1.00000	P=1.00000	F=1.00000
	cs:	R=1.00000	P=1.00000	F=1.00000
		PER:	R=1.00000	P=1.00000	F=1.00000
		LOC:	R=1.00000	P=1.00000	F=1.00000
		ORG:	R=1.00000	P=1.00000	F=1.00000
		MISC:	R=1.00000	P=1.00000	F=1.00000
	sk:	R=1.00000	P=1.00000	F=1.00000
		PER:	R=1.00000	P=1.00000	F=1.00000
		LOC:	R=1.00000	P=1.00000	F=1.00000
		ORG:	R=1.00000	P=1.00000	F=1.00000
		MISC:	R=1.00000	P=1.00000	F=1.00000
	pl:	R=1.00000	P=1.00000	F=1.00000
		PER:	R=1.00000	P=1.00000	F=1.00000
		LOC:	R=1.00000	P=1.00000	F=1.00000
		ORG:	R=1.00000	P=1.00000	F=1.00000
		MISC:	R=1.00000	P=1.00000	F=1.00000
	trump:	R=1.00000	P=1.00000	F=1.00000
		PER:	R=1.00000	P=1.00000	F=1.00000
		LOC:	R=1.00000	P=1.00000	F=1.00000
		ORG:	R=1.00000	P=1.00000	F=1.00000
		MISC:	R=1.00000	P=1.00000	F=1.00000
		cs:	R=1.00000	P=1.00000	F=1.00000
			PER:	R=1.00000	P=1.00000	F=1.00000
			LOC:	R=1.00000	P=1.00000	F=1.00000
			ORG:	R=1.00000	P=1.00000	F=1.00000
			MISC:	R=1.00000	P=1.00000	F=1.00000
			111:	R=1.00000	P=1.00000	F=1.00000
				PER:	R=1.00000	P=1.00000	F=1.00000
				LOC:	R=1.00000	P=1.00000	F=1.00000
				ORG:	R=1.00000	P=1.00000	F=1.00000
				MISC:	R=1.00000	P=1.00000	F=1.00000
			112:	R=1.00000	P=1.00000	F=1.00000
				PER:	R=1.00000	P=1.00000	F=1.00000
				LOC:	R=1.00000	P=1.00000	F=1.00000
				ORG:	R=1.00000	P=1.00000	F=1.00000
				MISC:	R=1.00000	P=1.00000	F=1.00000
			113:	R=1.00000	P=1.00000	F=1.00000
				PER:	R=1.00000	P=1.00000	F=1.00000
				LOC:	R=1.00000	P=1.00000	F=1.00000
				ORG:	R=1.00000	P=1.00000	F=1.00000
			101:	R=1.00000	P=1.00000	F=1.00000
				PER:	R=1.00000	P=1.00000	F=1.00000
				LOC:	R=1.00000	P=1.00000	F=1.00000
			103:	R=1.00000	P=1.00000	F=1.00000
				PER:	R=1.00000	P=1.00000	F=1.00000
				LOC:	R=1.00000	P=1.00000	F=1.00000
				ORG:	R=1.00000	P=1.00000	F=1.00000
		sk:	R=1.00000	P=1.00000	F=1.00000
			PER:	R=1.00000	P=1.00000	F=1.00000
			LOC:	R=1.00000	P=1.00000	F=1.00000
			ORG:	R=1.00000	P=1.00000	F=1.00000
			MISC:	R=1.00000	P=1.00000	F=1.00000
			430:	R=1.00000	P=1.00000	F=1.00000
				PER:	R=1.00000	P=1.00000	F=1.00000
				LOC:	R=1.00000	P=1.00000	F=1.00000
				ORG:	R=1.00000	P=1.00000	F=1.00000
			434:	R=1.00000	P=1.00000	F=1.00000
				PER:	R=1.00000	P=1.00000	F=1.00000
				LOC:	R=1.00000	P=1.00000	F=1.00000
				ORG:	R=1.00000	P=1.00000	F=1.00000
			100:	R=1.00000	P=1.00000	F=1.00000
				PER:	R=1.00000	P=1.00000	F=1.00000
				LOC:	R=1.00000	P=1.00000	F=1.00000
				ORG:	R=1.00000	P=1.00000	F=1.00000
				MISC:	R=1.00000	P=1.00000	F=1.00000
			425:	R=1.00000	P=1.00000	F=1.00000
				PER:	R=1.00000	P=1.00000	F=1.00000
				LOC:	R=1.00000	P=1.00000	F=1.00000
				ORG:	R=1.00000	P=1.00000	F=1.00000
				MISC:	R=1.00000	P=1.00000	F=1.00000
			428:	R=1.00000	P=1.00000	F=1.00000
				PER:	R=1.00000	P=1.00000	F=1.00000
				LOC:	R=1.00000	P=1.00000	F=1.00000
				ORG:	R=1.00000	P=1.00000	F=1.00000
		pl:	R=1.00000	P=1.00000	F=1.00000
			PER:	R=1.00000	P=1.00000	F=1.00000
			LOC:	R=1.00000	P=1.00000	F=1.00000
			ORG:	R=1.00000	P=1.00000	F=1.00000
			MISC:	R=1.00000	P=1.00000	F=1.00000
			23:	R=1.00000	P=1.00000	F=1.00000
				PER:	R=1.00000	P=1.00000	F=1.00000
				LOC:	R=1.00000	P=1.00000	F=1.00000
				ORG:	R=1.00000	P=1.00000	F=1.00000
				MISC:	R=1.00000	P=1.00000	F=1.00000
			25:	R=1.00000	P=1.00000	F=1.00000
				PER:	R=1.00000	P=1.00000	F=1.00000
				LOC:	R=1.00000	P=1.00000	F=1.00000
				ORG:	R=1.00000	P=1.00000	F=1.00000
				MISC:	R=1.00000	P=1.00000	F=1.00000
			16:	R=1.00000	P=1.00000	F=1.00000
				PER:	R=1.00000	P=1.00000	F=1.00000
				LOC:	R=1.00000	P=1.00000	F=1.00000
				ORG:	R=1.00000	P=1.00000	F=1.00000
			18:	R=1.00000	P=1.00000	F=1.00000
				PER:	R=1.00000	P=1.00000	F=1.00000
				LOC:	R=1.00000	P=1.00000	F=1.00000
				ORG:	R=1.00000	P=1.00000	F=1.00000
				MISC:	R=1.00000	P=1.00000	F=1.00000
			21:	R=1.00000	P=1.00000	F=1.00000
				PER:	R=1.00000	P=1.00000	F=1.00000
				LOC:	R=1.00000	P=1.00000	F=1.00000
				ORG:	R=1.00000	P=1.00000	F=1.00000
				MISC:	R=1.00000	P=1.00000	F=1.00000
	ec:	R=1.00000	P=1.00000	F=1.00000
		PER:	R=1.00000	P=1.00000	F=1.00000
		LOC:	R=1.00000	P=1.00000	F=1.00000
		ORG:	R=1.00000	P=1.00000	F=1.00000
		MISC:	R=1.00000	P=1.00000	F=1.00000
		cs:	R=1.00000	P=1.00000	F=1.00000
			PER:	R=1.00000	P=1.00000	F=1.00000
			LOC:	R=1.00000	P=1.00000	F=1.00000
			ORG:	R=1.00000	P=1.00000	F=1.00000
			MISC:	R=1.00000	P=1.00000	F=1.00000
			100:	R=1.00000	P=1.00000	F=1.00000
				PER:	R=1.00000	P=1.00000	F=1.00000
				LOC:	R=1.00000	P=1.00000	F=1.00000
				ORG:	R=1.00000	P=1.00000	F=1.00000
				MISC:	R=1.00000	P=1.00000	F=1.00000
			101:	R=1.00000	P=1.00000	F=1.00000
				LOC:	R=1.00000	P=1.00000	F=1.00000
				ORG:	R=1.00000	P=1.00000	F=1.00000
				MISC:	R=1.00000	P=1.00000	F=1.00000
			103:	R=1.00000	P=1.00000	F=1.00000
				PER:	R=1.00000	P=1.00000	F=1.00000
				LOC:	R=1.00000	P=1.00000	F=1.00000
				ORG:	R=1.00000	P=1.00000	F=1.00000
				MISC:	R=1.00000	P=1.00000	F=1.00000
			105:	R=1.00000	P=1.00000	F=1.00000
				PER:	R=1.00000	P=1.00000	F=1.00000
				LOC:	R=1.00000	P=1.00000	F=1.00000
				ORG:	R=1.00000	P=1.00000	F=1.00000
			109:	R=1.00000	P=1.00000	F=1.00000
				PER:	R=1.00000	P=1.00000	F=1.00000
				LOC:	R=1.00000	P=1.00000	F=1.00000
				ORG:	R=1.00000	P=1.00000	F=1.00000
		sk:	R=1.00000	P=1.00000	F=1.00000
			PER:	R=1.00000	P=1.00000	F=1.00000
			LOC:	R=1.00000	P=1.00000	F=1.00000
			ORG:	R=1.00000	P=1.00000	F=1.00000
			MISC:	R=1.00000	P=1.00000	F=1.00000
			454:	R=1.00000	P=1.00000	F=1.00000
				PER:	R=1.00000	P=1.00000	F=1.00000
				LOC:	R=1.00000	P=1.00000	F=1.00000
				ORG:	R=1.00000	P=1.00000	F=1.00000
				MISC:	R=1.00000	P=1.00000	F=1.00000
			455:	R=1.00000	P=1.00000	F=1.00000
				PER:	R=1.00000	P=1.00000	F=1.00000
				LOC:	R=1.00000	P=1.00000	F=1.00000
				ORG:	R=1.00000	P=1.00000	F=1.00000
			456:	R=1.00000	P=1.00000	F=1.00000
				PER:	R=1.00000	P=1.00000	F=1.00000
				LOC:	R=1.00000	P=1.00000	F=1.00000
				ORG:	R=1.00000	P=1.00000	F=1.00000
				MISC:	R=1.00000	P=1.00000	F=1.00000
			459:	R=1.00000	P=1.00000	F=1.00000
				PER:	R=1.00000	P=1.00000	F=1.00000
				LOC:	R=1.00000	P=1.00000	F=1.00000
				ORG:	R=1.00000	P=1.00000	F=1.00000
				MISC:	R=1.00000	P=1.00000	F=1.00000
			460:	R=1.00000	P=1.00000	F=1.00000
				LOC:	R=1.00000	P=1.00000	F=1.00000
				ORG:	R=1.00000	P=1.00000	F=1.00000
		pl:	R=1.00000	P=1.00000	F=1.00000
			PER:	R=1.00000	P=1.00000	F=1.00000
			LOC:	R=1.00000	P=1.00000	F=1.00000
			ORG:	R=1.00000	P=1.00000	F=1.00000
			MISC:	R=1.00000	P=1.00000	F=1.00000
			27:	R=1.00000	P=1.00000	F=1.00000
				PER:	R=1.00000	P=1.00000	F=1.00000
				LOC:	R=1.00000	P=1.00000	F=1.00000
				ORG:	R=1.00000	P=1.00000	F=1.00000
			29:	R=1.00000	P=1.00000	F=1.00000
				PER:	R=1.00000	P=1.00000	F=1.00000
				LOC:	R=1.00000	P=1.00000	F=1.00000
				ORG:	R=1.00000	P=1.00000	F=1.00000
			32:	R=1.00000	P=1.00000	F=1.00000
				LOC:	R=1.00000	P=1.00000	F=1.00000
				ORG:	R=1.00000	P=1.00000	F=1.00000
				MISC:	R=1.00000	P=1.00000	F=1.00000
			11:	R=1.00000	P=1.00000	F=1.00000
				LOC:	R=1.00000	P=1.00000	F=1.00000
				ORG:	R=1.00000	P=1.00000	F=1.00000
				MISC:	R=1.00000	P=1.00000	F=1.00000
			3:	R=1.00000	P=1.00000	F=1.00000
				PER:	R=1.00000	P=1.00000	F=1.00000
				LOC:	R=1.00000	P=1.00000	F=1.00000
				ORG:	R=1.00000	P=1.00000	F=1.00000
				MISC:	R=1.00000	P=1.00000	F=1.00000
1c) Strict matching
-------------------
All corpora:	R=1.00000	P=1.00000	F=1.00000
	PER:	R=1.00000	P=1.00000	F=1.00000
	LOC:	R=1.00000	P=1.00000	F=1.00000
	ORG:	R=1.00000	P=1.00000	F=1.00000
	MISC:	R=1.00000	P=1.00000	F=1.00000
	cs:	R=1.00000	P=1.00000	F=1.00000
		PER:	R=1.00000	P=1.00000	F=1.00000
		LOC:	R=1.00000	P=1.00000	F=1.00000
		ORG:	R=1.00000	P=1.00000	F=1.00000
		MISC:	R=1.00000	P=1.00000	F=1.00000
	sk:	R=1.00000	P=1.00000	F=1.00000
		PER:	R=1.00000	P=1.00000	F=1.00000
		LOC:	R=1.00000	P=1.00000	F=1.00000
		ORG:	R=1.00000	P=1.00000	F=1.00000
		MISC:	R=1.00000	P=1.00000	F=1.00000
	pl:	R=1.00000	P=1.00000	F=1.00000
		PER:	R=1.00000	P=1.00000	F=1.00000
		LOC:	R=1.00000	P=1.00000	F=1.00000
		ORG:	R=1.00000	P=1.00000	F=1.00000
		MISC:	R=1.00000	P=1.00000	F=1.00000
	trump:	R=1.00000	P=1.00000	F=1.00000
		PER:	R=1.00000	P=1.00000	F=1.00000
		LOC:	R=1.00000	P=1.00000	F=1.00000
		ORG:	R=1.00000	P=1.00000	F=1.00000
		MISC:	R=1.00000	P=1.00000	F=1.00000
		cs:	R=1.00000	P=1.00000	F=1.00000
			PER:	R=1.00000	P=1.00000	F=1.00000
			LOC:	R=1.00000	P=1.00000	F=1.00000
			ORG:	R=1.00000	P=1.00000	F=1.00000
			MISC:	R=1.00000	P=1.00000	F=1.00000
			111:	R=1.00000	P=1.00000	F=1.00000
				PER:	R=1.00000	P=1.00000	F=1.00000
				LOC:	R=1.00000	P=1.00000	F=1.00000
				ORG:	R=1.00000	P=1.00000	F=1.00000
				MISC:	R=1.00000	P=1.00000	F=1.00000
			112:	R=1.00000	P=1.00000	F=1.00000
				PER:	R=1.00000	P=1.00000	F=1.00000
				LOC:	R=1.00000	P=1.00000	F=1.00000
				ORG:	R=1.00000	P=1.00000	F=1.00000
				MISC:	R=1.00000	P=1.00000	F=1.00000
			113:	R=1.00000	P=1.00000	F=1.00000
				PER:	R=1.00000	P=1.00000	F=1.00000
				LOC:	R=1.00000	P=1.00000	F=1.00000
				ORG:	R=1.00000	P=1.00000	F=1.00000
			101:	R=1.00000	P=1.00000	F=1.00000
				PER:	R=1.00000	P=1.00000	F=1.00000
				LOC:	R=1.00000	P=1.00000	F=1.00000
			103:	R=1.00000	P=1.00000	F=1.00000
				PER:	R=1.00000	P=1.00000	F=1.00000
				LOC:	R=1.00000	P=1.00000	F=1.00000
				ORG:	R=1.00000	P=1.00000	F=1.00000
		sk:	R=1.00000	P=1.00000	F=1.00000
			PER:	R=1.00000	P=1.00000	F=1.00000
			LOC:	R=1.00000	P=1.00000	F=1.00000
			ORG:	R=1.00000	P=1.00000	F=1.00000
			MISC:	R=1.00000	P=1.00000	F=1.00000
			430:	R=1.00000	P=1.00000	F=1.00000
				PER:	R=1.00000	P=1.00000	F=1.00000
				LOC:	R=1.00000	P=1.00000	F=1.00000
				ORG:	R=1.00000	P=1.00000	F=1.00000
			434:	R=1.00000	P=1.00000	F=1.00000
				PER:	R=1.00000	P=1.00000	F=1.00000
				LOC:	R=1.00000	P=1.00000	F=1.00000
				ORG:	R=1.00000	P=1.00000	F=1.00000
			100:	R=1.00000	P=1.00000	F=1.00000
				PER:	R=1.00000	P=1.00000	F=1.00000
				LOC:	R=1.00000	P=1.00000	F=1.00000
				ORG:	R=1.00000	P=1.00000	F=1.00000
				MISC:	R=1.00000	P=1.00000	F=1.00000
			425:	R=1.00000	P=1.00000	F=1.00000
				PER:	R=1.00000	P=1.00000	F=1.00000
				LOC:	R=1.00000	P=1.00000	F=1.00000
				ORG:	R=1.00000	P=1.00000	F=1.00000
				MISC:	R=1.00000	P=1.00000	F=1.00000
			428:	R=1.00000	P=1.00000	F=1.00000
				PER:	R=1.00000	P=1.00000	F=1.00000
				LOC:	R=1.00000	P=1.00000	F=1.00000
				ORG:	R=1.00000	P=1.00000	F=1.00000
		pl:	R=1.00000	P=1.00000	F=1.00000
			PER:	R=1.00000	P=1.00000	F=1.00000
			LOC:	R=1.00000	P=1.00000	F=1.00000
			ORG:	R=1.00000	P=1.00000	F=1.00000
			MISC:	R=1.00000	P=1.00000	F=1.00000
			23:	R=1.00000	P=1.00000	F=1.00000
				PER:	R=1.00000	P=1.00000	F=1.00000
				LOC:	R=1.00000	P=1.00000	F=1.00000
				ORG:	R=1.00000	P=1.00000	F=1.00000
				MISC:	R=1.00000	P=1.00000	F=1.00000
			25:	R=1.00000	P=1.00000	F=1.00000
				PER:	R=1.00000	P=1.00000	F=1.00000
				LOC:	R=1.00000	P=1.00000	F=1.00000
				ORG:	R=1.00000	P=1.00000	F=1.00000
				MISC:	R=1.00000	P=1.00000	F=1.00000
			16:	R=1.00000	P=1.00000	F=1.00000
				PER:	R=1.00000	P=1.00000	F=1.00000
				LOC:	R=1.00000	P=1.00000	F=1.00000
				ORG:	R=1.00000	P=1.00000	F=1.00000
			18:	R=1.00000	P=1.00000	F=1.00000
				PER:	R=1.00000	P=1.00000	F=1.00000
				LOC:	R=1.00000	P=1.00000	F=1.00000
				ORG:	R=1.00000	P=1.00000	F=1.00000
				MISC:	R=1.00000	P=1.00000	F=1.00000
			21:	R=1.00000	P=1.00000	F=1.00000
				PER:	R=1.00000	P=1.00000	F=1.00000
				LOC:	R=1.00000	P=1.00000	F=1.00000
				ORG:	R=1.00000	P=1.00000	F=1.00000
				MISC:	R=1.00000	P=1.00000	F=1.00000
	ec:	R=1.00000	P=1.00000	F=1.00000
		PER:	R=1.00000	P=1.00000	F=1.00000
		LOC:	R=1.00000	P=1.00000	F=1.00000
		ORG:	R=1.00000	P=1.00000	F=1.00000
		MISC:	R=1.00000	P=1.00000	F=1.00000
		cs:	R=1.00000	P=1.00000	F=1.00000
			PER:	R=1.00000	P=1.00000	F=1.00000
			LOC:	R=1.00000	P=1.00000	F=1.00000
			ORG:	R=1.00000	P=1.00000	F=1.00000
			MISC:	R=1.00000	P=1.00000	F=1.00000
			100:	R=1.00000	P=1.00000	F=1.00000
				PER:	R=1.00000	P=1.00000	F=1.00000
				LOC:	R=1.00000	P=1.00000	F=1.00000
				ORG:	R=1.00000	P=1.00000	F=1.00000
				MISC:	R=1.00000	P=1.00000	F=1.00000
			101:	R=1.00000	P=1.00000	F=1.00000
				LOC:	R=1.00000	P=1.00000	F=1.00000
				ORG:	R=1.00000	P=1.00000	F=1.00000
				MISC:	R=1.00000	P=1.00000	F=1.00000
			103:	R=1.00000	P=1.00000	F=1.00000
				PER:	R=1.00000	P=1.00000	F=1.00000
				LOC:	R=1.00000	P=1.00000	F=1.00000
				ORG:	R=1.00000	P=1.00000	F=1.00000
				MISC:	R=1.00000	P=1.00000	F=1.00000
			105:	R=1.00000	P=1.00000	F=1.00000
				PER:	R=1.00000	P=1.00000	F=1.00000
				LOC:	R=1.00000	P=1.00000	F=1.00000
				ORG:	R=1.00000	P=1.00000	F=1.00000
			109:	R=1.00000	P=1.00000	F=1.00000
				PER:	R=1.00000	P=1.00000	F=1.00000
				LOC:	R=1.00000	P=1.00000	F=1.00000
				ORG:	R=1.00000	P=1.00000	F=1.00000
		sk:	R=1.00000	P=1.00000	F=1.00000
			PER:	R=1.00000	P=1.00000	F=1.00000
			LOC:	R=1.00000	P=1.00000	F=1.00000
			ORG:	R=1.00000	P=1.00000	F=1.00000
			MISC:	R=1.00000	P=1.00000	F=1.00000
			454:	R=1.00000	P=1.00000	F=1.00000
				PER:	R=1.00000	P=1.00000	F=1.00000
				LOC:	R=1.00000	P=1.00000	F=1.00000
				ORG:	R=1.00000	P=1.00000	F=1.00000
				MISC:	R=1.00000	P=1.00000	F=1.00000
			455:	R=1.00000	P=1.00000	F=1.00000
				PER:	R=1.00000	P=1.00000	F=1.00000
				LOC:	R=1.00000	P=1.00000	F=1.00000
				ORG:	R=1.00000	P=1.00000	F=1.00000
			456:	R=1.00000	P=1.00000	F=1.00000
				PER:	R=1.00000	P=1.00000	F=1.00000
				LOC:	R=1.00000	P=1.00000	F=1.00000
				ORG:	R=1.00000	P=1.00000	F=1.00000
				MISC:	R=1.00000	P=1.00000	F=1.00000
			459:	R=1.00000	P=1.00000	F=1.00000
				PER:	R=1.00000	P=1.00000	F=1.00000
				LOC:	R=1.00000	P=1.00000	F=1.00000
				ORG:	R=1.00000	P=1.00000	F=1.00000
				MISC:	R=1.00000	P=1.00000	F=1.00000
			460:	R=1.00000	P=1.00000	F=1.00000
				LOC:	R=1.00000	P=1.00000	F=1.00000
				ORG:	R=1.00000	P=1.00000	F=1.00000
		pl:	R=1.00000	P=1.00000	F=1.00000
			PER:	R=1.00000	P=1.00000	F=1.00000
			LOC:	R=1.00000	P=1.00000	F=1.00000
			ORG:	R=1.00000	P=1.00000	F=1.00000
			MISC:	R=1.00000	P=1.00000	F=1.00000
			27:	R=1.00000	P=1.00000	F=1.00000
				PER:	R=1.00000	P=1.00000	F=1.00000
				LOC:	R=1.00000	P=1.00000	F=1.00000
				ORG:	R=1.00000	P=1.00000	F=1.00000
			29:	R=1.00000	P=1.00000	F=1.00000
				PER:	R=1.00000	P=1.00000	F=1.00000
				LOC:	R=1.00000	P=1.00000	F=1.00000
				ORG:	R=1.00000	P=1.00000	F=1.00000
			32:	R=1.00000	P=1.00000	F=1.00000
				LOC:	R=1.00000	P=1.00000	F=1.00000
				ORG:	R=1.00000	P=1.00000	F=1.00000
				MISC:	R=1.00000	P=1.00000	F=1.00000
			11:	R=1.00000	P=1.00000	F=1.00000
				LOC:	R=1.00000	P=1.00000	F=1.00000
				ORG:	R=1.00000	P=1.00000	F=1.00000
				MISC:	R=1.00000	P=1.00000	F=1.00000
			3:	R=1.00000	P=1.00000	F=1.00000
				PER:	R=1.00000	P=1.00000	F=1.00000
				LOC:	R=1.00000	P=1.00000	F=1.00000
				ORG:	R=1.00000	P=1.00000	F=1.00000
				MISC:	R=1.00000	P=1.00000	F=1.00000
2) Normalization
================
All corpora:	R=0.00000	P=0.00000	F=0.00000
	PER:	R=0.00000	P=0.00000	F=0.00000
	LOC:	R=0.00000	P=0.00000	F=0.00000
	ORG:	R=0.00000	P=0.00000	F=0.00000
	MISC:	R=0.00000	P=0.00000	F=0.00000
	cs:	R=0.00000	P=0.00000	F=0.00000
		PER:	R=0.00000	P=0.00000	F=0.00000
		LOC:	R=0.00000	P=0.00000	F=0.00000
		ORG:	R=0.00000	P=0.00000	F=0.00000
		MISC:	R=0.00000	P=0.00000	F=0.00000
	sk:	R=0.00000	P=0.00000	F=0.00000
		PER:	R=0.00000	P=0.00000	F=0.00000
		LOC:	R=0.00000	P=0.00000	F=0.00000
		ORG:	R=0.00000	P=0.00000	F=0.00000
		MISC:	R=0.00000	P=0.00000	F=0.00000
	pl:	R=0.00000	P=0.00000	F=0.00000
		PER:	R=0.00000	P=0.00000	F=0.00000
		LOC:	R=0.00000	P=0.00000	F=0.00000
		ORG:	R=0.00000	P=0.00000	F=0.00000
		MISC:	R=0.00000	P=0.00000	F=0.00000
	trump:	R=0.00000	P=0.00000	F=0.00000
		PER:	R=0.00000	P=0.00000	F=0.00000
		LOC:	R=0.00000	P=0.00000	F=0.00000
		ORG:	R=0.00000	P=0.00000	F=0.00000
		MISC:	R=0.00000	P=0.00000	F=0.00000
		cs:	R=0.00000	P=0.00000	F=0.00000
			PER:	R=0.00000	P=0.00000	F=0.00000
			LOC:	R=0.00000	P=0.00000	F=0.00000
			ORG:	R=0.00000	P=0.00000	F=0.00000
			MISC:	R=0.00000	P=0.00000	F=0.00000
			111:	R=0.00000	P=0.00000	F=0.00000
				PER:	R=0.00000	P=0.00000	F=0.00000
				MISC:	R=0.00000	P=0.00000	F=0.00000
			112:	R=0.00000	P=0.00000	F=0.00000
				PER:	R=0.00000	P=0.00000	F=0.00000
				LOC:	R=0.00000	P=0.00000	F=0.00000
				ORG:	R=0.00000	P=0.00000	F=0.00000
				MISC:	R=0.00000	P=0.00000	F=0.00000
			113:	R=0.00000	P=0.00000	F=0.00000
				PER:	R=0.00000	P=0.00000	F=0.00000
				LOC:	R=0.00000	P=0.00000	F=0.00000
				ORG:	R=0.00000	P=0.00000	F=0.00000
			101:	R=0.00000	P=0.00000	F=0.00000
				LOC:	R=0.00000	P=0.00000	F=0.00000
			103:	R=0.00000	P=0.00000	F=0.00000
				PER:	R=0.00000	P=0.00000	F=0.00000
				LOC:	R=0.00000	P=0.00000	F=0.00000
		sk:	R=0.00000	P=0.00000	F=0.00000
			PER:	R=0.00000	P=0.00000	F=0.00000
			LOC:	R=0.00000	P=0.00000	F=0.00000
			ORG:	R=0.00000	P=0.00000	F=0.00000
			430:	R=0.00000	P=0.00000	F=0.00000
				PER:	R=0.00000	P=0.00000	F=0.00000
				LOC:	R=0.00000	P=0.00000	F=0.00000
				ORG:	R=0.00000	P=0.00000	F=0.00000
			434:	R=0.00000	P=0.00000	F=0.00000
				PER:	R=0.00000	P=0.00000	F=0.00000
				LOC:	R=0.00000	P=0.00000	F=0.00000
				ORG:	R=0.00000	P=0.00000	F=0.00000
			425:	R=0.00000	P=0.00000	F=0.00000
				PER:	R=0.00000	P=0.00000	F=0.00000
				LOC:	R=0.00000	P=0.00000	F=0.00000
			428:	R=0.00000	P=0.00000	F=0.00000
				PER:	R=0.00000	P=0.00000	F=0.00000
				LOC:	R=0.00000	P=0.00000	F=0.00000
		pl:	R=0.00000	P=0.00000	F=0.00000
			PER:	R=0.00000	P=0.00000	F=0.00000
			LOC:	R=0.00000	P=0.00000	F=0.00000
			ORG:	R=0.00000	P=0.00000	F=0.00000
			MISC:	R=0.00000	P=0.00000	F=0.00000
			23:	R=0.00000	P=0.00000	F=0.00000
				PER:	R=0.00000	P=0.00000	F=0.00000
				LOC:	R=0.00000	P=0.00000	F=0.00000
			25:	R=0.00000	P=0.00000	F=0.00000
				PER:	R=0.00000	P=0.00000	F=0.00000
				ORG:	R=0.00000	P=0.00000	F=0.00000
				MISC:	R=0.00000	P=0.00000	F=0.00000
			16:	R=0.00000	P=0.00000	F=0.00000
				PER:	R=0.00000	P=0.00000	F=0.00000
				LOC:	R=0.00000	P=0.00000	F=0.00000
			18:	R=0.00000	P=0.00000	F=0.00000
				PER:	R=0.00000	P=0.00000	F=0.00000
				LOC:	R=0.00000	P=0.00000	F=0.00000
				ORG:	R=0.00000	P=0.00000	F=0.00000
			21:	R=0.00000	P=0.00000	F=0.00000
				PER:	R=0.00000	P=0.00000	F=0.00000
				LOC:	R=0.00000	P=0.00000	F=0.00000
				ORG:	R=0.00000	P=0.00000	F=0.00000
	ec:	R=0.00000	P=0.00000	F=0.00000
		PER:	R=0.00000	P=0.00000	F=0.00000
		LOC:	R=0.00000	P=0.00000	F=0.00000
		ORG:	R=0.00000	P=0.00000	F=0.00000
		MISC:	R=0.00000	P=0.00000	F=0.00000
		cs:	R=0.00000	P=0.00000	F=0.00000
			PER:	R=0.00000	P=0.00000	F=0.00000
			LOC:	R=0.00000	P=0.00000	F=0.00000
			ORG:	R=0.00000	P=0.00000	F=0.00000
			100:	R=0.00000	P=0.00000	F=0.00000
				LOC:	R=0.00000	P=0.00000	F=0.00000
				ORG:	R=0.00000	P=0.00000	F=0.00000
			101:	R=0.00000	P=0.00000	F=0.00000
				LOC:	R=0.00000	P=0.00000	F=0.00000
			103:	R=0.00000	P=0.00000	F=0.00000
				PER:	R=0.00000	P=0.00000	F=0.00000
				LOC:	R=0.00000	P=0.00000	F=0.00000
				ORG:	R=0.00000	P=0.00000	F=0.00000
			105:	R=0.00000	P=0.00000	F=0.00000
				PER:	R=0.00000	P=0.00000	F=0.00000
				LOC:	R=0.00000	P=0.00000	F=0.00000
				ORG:	R=0.00000	P=0.00000	F=0.00000
			109:	R=0.00000	P=0.00000	F=0.00000
				LOC:	R=0.00000	P=0.00000	F=0.00000
				ORG:	R=0.00000	P=0.00000	F=0.00000
		sk:	R=0.00000	P=0.00000	F=0.00000
			PER:	R=0.00000	P=0.00000	F=0.00000
			LOC:	R=0.00000	P=0.00000	F=0.00000
			ORG:	R=0.00000	P=0.00000	F=0.00000
			MISC:	R=0.00000	P=0.00000	F=0.00000
			454:	R=0.00000	P=0.00000	F=0.00000
				PER:	R=0.00000	P=0.00000	F=0.00000
				LOC:	R=0.00000	P=0.00000	F=0.00000
				ORG:	R=0.00000	P=0.00000	F=0.00000
			455:	R=0.00000	P=0.00000	F=0.00000
				LOC:	R=0.00000	P=0.00000	F=0.00000
				ORG:	R=0.00000	P=0.00000	F=0.00000
			456:	R=0.00000	P=0.00000	F=0.00000
				LOC:	R=0.00000	P=0.00000	F=0.00000
				ORG:	R=0.00000	P=0.00000	F=0.00000
			459:	R=0.00000	P=0.00000	F=0.00000
				PER:	R=0.00000	P=0.00000	F=0.00000
				LOC:	R=0.00000	P=0.00000	F=0.00000
				ORG:	R=0.00000	P=0.00000	F=0.00000
				MISC:	R=0.00000	P=0.00000	F=0.00000
			460:	R=0.00000	P=0.00000	F=0.00000
				LOC:	R=0.00000	P=0.00000	F=0.00000
		pl:	R=0.00000	P=0.00000	F=0.00000
			PER:	R=0.00000	P=0.00000	F=0.00000
			LOC:	R=0.00000	P=0.00000	F=0.00000
			ORG:	R=0.00000	P=0.00000	F=0.00000
			MISC:	R=0.00000	P=0.00000	F=0.00000
			27:	R=0.00000	P=0.00000	F=0.00000
				LOC:	R=0.00000	P=0.00000	F=0.00000
				ORG:	R=0.00000	P=0.00000	F=0.00000
			29:	R=0.00000	P=0.00000	F=0.00000
				PER:	R=0.00000	P=0.00000	F=0.00000
				LOC:	R=0.00000	P=0.00000	F=0.00000
				ORG:	R=0.00000	P=0.00000	F=0.00000
			32:	R=0.00000	P=0.00000	F=0.00000
				ORG:	R=0.00000	P=0.00000	F=0.00000
			11:	R=0.00000	P=0.00000	F=0.00000
				LOC:	R=0.00000	P=0.00000	F=0.00000
				ORG:	R=0.00000	P=0.00000	F=0.00000
				MISC:	R=0.00000	P=0.00000	F=0.00000
			3:	R=0.00000	P=0.00000	F=0.00000
				PER:	R=0.00000	P=0.00000	F=0.00000
				LOC:	R=0.00000	P=0.00000	F=0.00000
				ORG:	R=0.00000	P=0.00000	F=0.00000
				MISC:	R=0.00000	P=0.00000	F=0.00000
3) Coreference
==============
3a) Document level
------------------
All corpora:	R=0.00000	P=0.00000	F=0.00000
	PER:	R=0.00000	P=0.00000	F=0.00000
	LOC:	R=0.00000	P=0.00000	F=0.00000
	ORG:	R=0.00000	P=0.00000	F=0.00000
	MISC:	R=0.00000	P=0.00000	F=0.00000
	cs:	R=0.00000	P=0.00000	F=0.00000
		PER:	R=0.00000	P=0.00000	F=0.00000
		LOC:	R=0.00000	P=0.00000	F=0.00000
		ORG:	R=0.00000	P=0.00000	F=0.00000
		MISC:	R=0.00000	P=0.00000	F=0.00000
	sk:	R=0.00000	P=0.00000	F=0.00000
		PER:	R=0.00000	P=0.00000	F=0.00000
		LOC:	R=0.00000	P=0.00000	F=0.00000
		ORG:	R=0.00000	P=0.00000	F=0.00000
		MISC:	R=0.00000	P=0.00000	F=0.00000
	pl:	R=0.00000	P=0.00000	F=0.00000
		PER:	R=0.00000	P=0.00000	F=0.00000
		LOC:	R=0.00000	P=0.00000	F=0.00000
		ORG:	R=0.00000	P=0.00000	F=0.00000
		MISC:	R=0.00000	P=0.00000	F=0.00000
	trump:	R=0.00000	P=0.00000	F=0.00000
		PER:	R=0.00000	P=0.00000	F=0.00000
		LOC:	R=0.00000	P=0.00000	F=0.00000
		ORG:	R=0.00000	P=0.00000	F=0.00000
		MISC:	R=0.00000	P=0.00000	F=0.00000
		cs:	R=0.00000	P=0.00000	F=0.00000
			PER:	R=0.00000	P=0.00000	F=0.00000
			LOC:	R=0.00000	P=0.00000	F=0.00000
			ORG:	R=0.00000	P=0.00000	F=0.00000
			MISC:	R=0.00000	P=0.00000	F=0.00000
			111:	R=0.00000	P=0.00000	F=0.00000
				PER:	R=0.00000	P=0.00000	F=0.00000
			112:	R=0.00000	P=0.00000	F=0.00000
				PER:	R=0.00000	P=0.00000	F=0.00000
				ORG:	R=0.00000	P=0.00000	F=0.00000
				MISC:	R=0.00000	P=0.00000	F=0.00000
			113:	R=0.00000	P=0.00000	F=0.00000
				PER:	R=0.00000	P=0.00000	F=0.00000
			101:	R=0.00000	P=0.00000	F=0.00000
				PER:	R=0.00000	P=0.00000	F=0.00000
				LOC:	R=0.00000	P=0.00000	F=0.00000
			103:	R=0.00000	P=0.00000	F=0.00000
				PER:	R=0.00000	P=0.00000	F=0.00000
		sk:	R=0.00000	P=0.00000	F=0.00000
			PER:	R=0.00000	P=0.00000	F=0.00000
			LOC:	R=0.00000	P=0.00000	F=0.00000
			ORG:	R=0.00000	P=0.00000	F=0.00000
			430:	R=0.00000	P=0.00000	F=0.00000
				PER:	R=0.00000	P=0.00000	F=0.00000
				LOC:	R=0.00000	P=0.00000	F=0.00000
			434:	R=0.00000	P=0.00000	F=0.00000
				PER:	R=0.00000	P=0.00000	F=0.00000
				ORG:	R=0.00000	P=0.00000	F=0.00000
			100:	R=0.00000	P=0.00000	F=0.00000
				PER:	R=0.00000	P=0.00000	F=0.00000
			425:	R=0.00000	P=0.00000	F=0.00000
				PER:	R=0.00000	P=0.00000	F=0.00000
				LOC:	R=0.00000	P=0.00000	F=0.00000
			428:	R=0.00000	P=0.00000	F=0.00000
				PER:	R=0.00000	P=0.00000	F=0.00000
		pl:	R=0.00000	P=0.00000	F=0.00000
			PER:	R=0.00000	P=0.00000	F=0.00000
			LOC:	R=0.00000	P=0.00000	F=0.00000
			ORG:	R=0.00000	P=0.00000	F=0.00000
			MISC:	R=0.00000	P=0.00000	F=0.00000
			23:	R=0.00000	P=0.00000	F=0.00000
				PER:	R=0.00000	P=0.00000	F=0.00000
			25:	R=0.00000	P=0.00000	F=0.00000
				PER:	R=0.00000	P=0.00000	F=0.00000
				ORG:	R=0.00000	P=0.00000	F=0.00000
			16:	R=0.00000	P=0.00000	F=0.00000
				PER:	R=0.00000	P=0.00000	F=0.00000
			18:	R=0.00000	P=0.00000	F=0.00000
				PER:	R=0.00000	P=0.00000	F=0.00000
				MISC:	R=0.00000	P=0.00000	F=0.00000
			21:	R=0.00000	P=0.00000	F=0.00000
				PER:	R=0.00000	P=0.00000	F=0.00000
				LOC:	R=0.00000	P=0.00000	F=0.00000
				ORG:	R=0.00000	P=0.00000	F=0.00000
	ec:	R=0.00000	P=0.00000	F=0.00000
		PER:	R=0.00000	P=0.00000	F=0.00000
		LOC:	R=0.00000	P=0.00000	F=0.00000
		ORG:	R=0.00000	P=0.00000	F=0.00000
		MISC:	R=0.00000	P=0.00000	F=0.00000
		cs:	R=0.00000	P=0.00000	F=0.00000
			PER:	R=0.00000	P=0.00000	F=0.00000
			LOC:	R=0.00000	P=0.00000	F=0.00000
			ORG:	R=0.00000	P=0.00000	F=0.00000
			100:	R=0.00000	P=0.00000	F=0.00000
				LOC:	R=0.00000	P=0.00000	F=0.00000
				ORG:	R=0.00000	P=0.00000	F=0.00000
			101:	R=0.00000	P=0.00000	F=0.00000
				LOC:	R=0.00000	P=0.00000	F=0.00000
			103:	R=0.00000	P=0.00000	F=0.00000
				PER:	R=0.00000	P=0.00000	F=0.00000
				ORG:	R=0.00000	P=0.00000	F=0.00000
			105:	R=0.00000	P=0.00000	F=0.00000
				PER:	R=0.00000	P=0.00000	F=0.00000
				LOC:	R=0.00000	P=0.00000	F=0.00000
				ORG:	R=0.00000	P=0.00000	F=0.00000
			109:	R=0.00000	P=0.00000	F=0.00000
				LOC:	R=0.00000	P=0.00000	F=0.00000
				ORG:	R=0.00000	P=0.00000	F=0.00000
		sk:	R=0.00000	P=0.00000	F=0.00000
			PER:	R=0.00000	P=0.00000	F=0.00000
			LOC:	R=0.00000	P=0.00000	F=0.00000
			ORG:	R=0.00000	P=0.00000	F=0.00000
			MISC:	R=0.00000	P=0.00000	F=0.00000
			454:	R=0.00000	P=0.00000	F=0.00000
				PER:	R=0.00000	P=0.00000	F=0.00000
				LOC:	R=0.00000	P=0.00000	F=0.00000
				ORG:	R=0.00000	P=0.00000	F=0.00000
			455:	R=0.00000	P=0.00000	F=0.00000
				ORG:	R=0.00000	P=0.00000	F=0.00000
			456:	R=0.00000	P=0.00000	F=0.00000
				LOC:	R=0.00000	P=0.00000	F=0.00000
				ORG:	R=0.00000	P=0.00000	F=0.00000
			459:	R=0.00000	P=0.00000	F=0.00000
				PER:	R=0.00000	P=0.00000	F=0.00000
				LOC:	R=0.00000	P=0.00000	F=0.00000
				ORG:	R=0.00000	P=0.00000	F=0.00000
				MISC:	R=0.00000	P=0.00000	F=0.00000
			460:	R=0.00000	P=0.00000	F=0.00000
				ORG:	R=0.00000	P=0.00000	F=0.00000
		pl:	R=0.00000	P=0.00000	F=0.00000
			PER:	R=0.00000	P=0.00000	F=0.00000
			LOC:	R=0.00000	P=0.00000	F=0.00000
			ORG:	R=0.00000	P=0.00000	F=0.00000
			MISC:	R=0.00000	P=0.00000	F=0.00000
			27:	R=0.00000	P=0.00000	F=0.00000
				LOC:	R=0.00000	P=0.00000	F=0.00000
				ORG:	R=0.00000	P=0.00000	F=0.00000
			29:	R=0.00000	P=0.00000	F=0.00000
				LOC:	R=0.00000	P=0.00000	F=0.00000
				ORG:	R=0.00000	P=0.00000	F=0.00000
			32:	R=0.00000	P=0.00000	F=0.00000
				ORG:	R=0.00000	P=0.00000	F=0.00000
			11:	R=0.00000	P=0.00000	F=0.00000
				LOC:	R=0.00000	P=0.00000	F=0.00000
				ORG:	R=0.00000	P=0.00000	F=0.00000
				MISC:	R=0.00000	P=0.00000	F=0.00000
			3:	R=0.00000	P=0.00000	F=0.00000
				PER:	R=0.00000	P=0.00000	F=0.00000
				LOC:	R=0.00000	P=0.00000	F=0.00000
				ORG:	R=0.00000	P=0.00000	F=0.00000
3b) Single language level
-------------------------
All corpora:	R=0.11315	P=1.00000	F=0.20329
	PER:	R=0.04618	P=1.00000	F=0.08828
	LOC:	R=0.17058	P=1.00000	F=0.29144
	ORG:	R=0.12413	P=1.00000	F=0.22084
	MISC:	R=0.00000	P=0.00000	F=0.00000
	cs:	R=0.10605	P=1.00000	F=0.19177
		PER:	R=0.03050	P=1.00000	F=0.05919
		LOC:	R=0.23495	P=1.00000	F=0.38050
		ORG:	R=0.08589	P=1.00000	F=0.15819
		MISC:	R=0.00000	P=0.00000	F=0.00000
	sk:	R=0.11375	P=1.00000	F=0.20426
		PER:	R=0.07668	P=1.00000	F=0.14244
		LOC:	R=0.11692	P=1.00000	F=0.20935
		ORG:	R=0.15088	P=1.00000	F=0.26219
		MISC:	R=0.00000	P=0.00000	F=0.00000
	pl:	R=0.11686	P=1.00000	F=0.20926
		PER:	R=0.04172	P=1.00000	F=0.08009
		LOC:	R=0.16993	P=1.00000	F=0.29050
		ORG:	R=0.11650	P=1.00000	F=0.20868
		MISC:	R=0.00000	P=0.00000	F=0.00000
	trump:	R=0.12243	P=1.00000	F=0.21816
		PER:	R=0.07266	P=1.00000	F=0.13548
		LOC:	R=0.13559	P=1.00000	F=0.23881
		ORG:	R=0.23142	P=1.00000	F=0.37586
		MISC:	R=0.00000	P=0.00000	F=0.00000
		cs:	R=0.07704	P=1.00000	F=0.14305
			PER:	R=0.06916	P=1.00000	F=0.12937
			LOC:	R=0.20000	P=1.00000	F=0.33333
			ORG:	R=0.00000	P=0.00000	F=0.00000
			MISC:	R=0.00000	P=0.00000	F=0.00000
		sk:	R=0.16943	P=1.00000	F=0.28977
			PER:	R=0.10287	P=1.00000	F=0.18655
			LOC:	R=0.11793	P=1.00000	F=0.21097
			ORG:	R=0.34569	P=1.00000	F=0.51377
		pl:	R=0.11303	P=1.00000	F=0.20310
			PER:	R=0.05421	P=1.00000	F=0.10285
			LOC:	R=0.13249	P=1.00000	F=0.23398
			ORG:	R=0.21810	P=1.00000	F=0.35810
			MISC:	R=0.00000	P=0.00000	F=0.00000
	ec:	R=0.10600	P=1.00000	F=0.19168
		PER:	R=0.00000	P=0.00000	F=0.00000
		LOC:	R=0.19820	P=1.00000	F=0.33083
		ORG:	R=0.08650	P=1.00000	F=0.15923
		MISC:	R=0.00000	P=0.00000	F=0.00000
		cs:	R=0.12083	P=1.00000	F=0.21560
			PER:	R=0.00000	P=0.00000	F=0.00000
			LOC:	R=0.24399	P=1.00000	F=0.39226
			ORG:	R=0.11322	P=1.00000	F=0.20341
		sk:	R=0.07324	P=1.00000	F=0.13648
			PER:	R=0.00000	P=0.00000	F=0.00000
			LOC:	R=0.11610	P=1.00000	F=0.20805
			ORG:	R=0.07849	P=1.00000	F=0.14556
			MISC:	R=0.00000	P=0.00000	F=0.00000
		pl:	R=0.12070	P=1.00000	F=0.21540
			PER:	R=0.00000	P=0.00000	F=0.00000
			LOC:	R=0.21334	P=1.00000	F=0.35165
			ORG:	R=0.08127	P=1.00000	F=0.15033
			MISC:	R=0.00000	P=0.00000	F=0.00000
3c) Cross-language level
------------------------
All corpora:	R=0.07579	P=1.00000	F=0.14090
	PER:	R=0.05544	P=1.00000	F=0.10505
	LOC:	R=0.03070	P=1.00000	F=0.05958
	ORG:	R=0.11738	P=1.00000	F=0.21010
	MISC:	R=1.00000	P=1.00000	F=1.00000
	trump:	R=0.17922	P=1.00000	F=0.30396
		PER:	R=0.08002	P=1.00000	F=0.14818
		LOC:	R=0.11172	P=1.00000	F=0.20099
		ORG:	R=0.33295	P=1.00000	F=0.49957
		MISC:	R=1.00000	P=1.00000	F=1.00000
	ec:	R=0.00051	P=1.00000	F=0.00102
		PER:	R=0.00000	P=0.00000	F=0.00000
		LOC:	R=0.00000	P=0.00000	F=0.00000
		ORG:	R=0.00163	P=1.00000	F=0.00326
