BSNLP-NER shared task evaluation report
***************************************
1) Recognition
==============
1a) Relaxed partial matching
----------------------------
All corpora:	R=1.00000	P=1.00000	F=1.00000
	PER:	R=1.00000	P=1.00000	F=1.00000
	LOC:	R=1.00000	P=1.00000	F=1.00000
	ORG:	R=1.00000	P=1.00000	F=1.00000
	MISC:	R=1.00000	P=1.00000	F=1.00000
	cs:	R=1.00000	P=1.00000	F=1.00000
		PER:	R=1.00000	P=1.00000	F=1.00000
		LOC:	R=1.00000	P=1.00000	F=1.00000
		ORG:	R=1.00000	P=1.00000	F=1.00000
		MISC:	R=1.00000	P=1.00000	F=1.00000
	sk:	R=1.00000	P=1.00000	F=1.00000
		PER:	R=1.00000	P=1.00000	F=1.00000
		LOC:	R=1.00000	P=1.00000	F=1.00000
		ORG:	R=1.00000	P=1.00000	F=1.00000
		MISC:	R=1.00000	P=1.00000	F=1.00000
	pl:	R=1.00000	P=1.00000	F=1.00000
		PER:	R=1.00000	P=1.00000	F=1.00000
		LOC:	R=1.00000	P=1.00000	F=1.00000
		ORG:	R=1.00000	P=1.00000	F=1.00000
		MISC:	R=1.00000	P=1.00000	F=1.00000
	trump:	R=1.00000	P=1.00000	F=1.00000
		PER:	R=1.00000	P=1.00000	F=1.00000
		LOC:	R=1.00000	P=1.00000	F=1.00000
		ORG:	R=1.00000	P=1.00000	F=1.00000
		MISC:	R=1.00000	P=1.00000	F=1.00000
		cs:	R=1.00000	P=1.00000	F=1.00000
			PER:	R=1.00000	P=1.00000	F=1.00000
			LOC:	R=1.00000	P=1.00000	F=1.00000
			ORG:	R=1.00000	P=1.00000	F=1.00000
			MISC:	R=1.00000	P=1.00000	F=1.00000
			111:	R=1.00000	P=1.00000	F=1.00000
				PER:	R=1.00000	P=1.00000	F=1.00000
				LOC:	R=1.00000	P=1.00000	F=1.00000
				ORG:	R=1.00000	P=1.00000	F=1.00000
				MISC:	R=1.00000	P=1.00000	F=1.00000
			112:	R=1.00000	P=1.00000	F=1.00000
				PER:	R=1.00000	P=1.00000	F=1.00000
				LOC:	R=1.00000	P=1.00000	F=1.00000
				ORG:	R=1.00000	P=1.00000	F=1.00000
				MISC:	R=1.00000	P=1.00000	F=1.00000
			113:	R=1.00000	P=1.00000	F=1.00000
				PER:	R=1.00000	P=1.00000	F=1.00000
				LOC:	R=1.00000	P=1.00000	F=1.00000
				ORG:	R=1.00000	P=1.00000	F=1.00000
			101:	R=1.00000	P=1.00000	F=1.00000
				PER:	R=1.00000	P=1.00000	F=1.00000
				LOC:	R=1.00000	P=1.00000	F=1.00000
			103:	R=1.00000	P=1.00000	F=1.00000
				PER:	R=1.00000	P=1.00000	F=1.00000
				LOC:	R=1.00000	P=1.00000	F=1.00000
				ORG:	R=1.00000	P=1.00000	F=1.00000
		sk:	R=1.00000	P=1.00000	F=1.00000
			PER:	R=1.00000	P=1.00000	F=1.00000
			LOC:	R=1.00000	P=1.00000	F=1.00000
			ORG:	R=1.00000	P=1.00000	F=1.00000
			MISC:	R=1.00000	P=1.00000	F=1.00000
			430:	R=1.00000	P=1.00000	F=1.00000
				PER:	R=1.00000	P=1.00000	F=1.00000
				LOC:	R=1.00000	P=1.00000	F=1.00000
				ORG:	R=1.00000	P=1.00000	F=1.00000
			434:	R=1.00000	P=1.00000	F=1.00000
				PER:	R=1.00000	P=1.00000	F=1.00000
				LOC:	R=1.00000	P=1.00000	F=1.00000
				ORG:	R=1.00000	P=1.00000	F=1.00000
			100:	R=1.00000	P=1.00000	F=1.00000
				PER:	R=1.00000	P=1.00000	F=1.00000
				LOC:	R=1.00000	P=1.00000	F=1.00000
				ORG:	R=1.00000	P=1.00000	F=1.00000
				MISC:	R=1.00000	P=1.00000	F=1.00000
			425:	R=1.00000	P=1.00000	F=1.00000
				PER:	R=1.00000	P=1.00000	F=1.00000
				LOC:	R=1.00000	P=1.00000	F=1.00000
				ORG:	R=1.00000	P=1.00000	F=1.00000
				MISC:	R=1.00000	P=1.00000	F=1.00000
			428:	R=1.00000	P=1.00000	F=1.00000
				PER:	R=1.00000	P=1.00000	F=1.00000
				LOC:	R=1.00000	P=1.00000	F=1.00000
				ORG:	R=1.00000	P=1.00000	F=1.00000
		pl:	R=1.00000	P=1.00000	F=1.00000
			PER:	R=1.00000	P=1.00000	F=1.00000
			LOC:	R=1.00000	P=1.00000	F=1.00000
			ORG:	R=1.00000	P=1.00000	F=1.00000
			MISC:	R=1.00000	P=1.00000	F=1.00000
			23:	R=1.00000	P=1.00000	F=1.00000
				PER:	R=1.00000	P=1.00000	F=1.00000
				LOC:	R=1.00000	P=1.00000	F=1.00000
				ORG:	R=1.00000	P=1.00000	F=1.00000
				MISC:	R=1.00000	P=1.00000	F=1.00000
			25:	R=1.00000	P=1.00000	F=1.00000
				PER:	R=1.00000	P=1.00000	F=1.00000
				LOC:	R=1.00000	P=1.00000	F=1.00000
				ORG:	R=1.00000	P=1.00000	F=1.00000
				MISC:	R=1.00000	P=1.00000	F=1.00000
			16:	R=1.00000	P=1.00000	F=1.00000
				PER:	R=1.00000	P=1.00000	F=1.00000
				LOC:	R=1.00000	P=1.00000	F=1.00000
				ORG:	R=1.00000	P=1.00000	F=1.00000
			18:	R=1.00000	P=1.00000	F=1.00000
				PER:	R=1.00000	P=1.00000	F=1.00000
				LOC:	R=1.00000	P=1.00000	F=1.00000
				ORG:	R=1.00000	P=1.00000	F=1.00000
				MISC:	R=1.00000	P=1.00000	F=1.00000
			21:	R=1.00000	P=1.00000	F=1.00000
				PER:	R=1.00000	P=1.00000	F=1.00000
				LOC:	R=1.00000	P=1.00000	F=1.00000
				ORG:	R=1.00000	P=1.00000	F=1.00000
				MISC:	R=1.00000	P=1.00000	F=1.00000
	ec:	R=1.00000	P=1.00000	F=1.00000
		PER:	R=1.00000	P=1.00000	F=1.00000
		LOC:	R=1.00000	P=1.00000	F=1.00000
		ORG:	R=1.00000	P=1.00000	F=1.00000
		MISC:	R=1.00000	P=1.00000	F=1.00000
		cs:	R=1.00000	P=1.00000	F=1.00000
			PER:	R=1.00000	P=1.00000	F=1.00000
			LOC:	R=1.00000	P=1.00000	F=1.00000
			ORG:	R=1.00000	P=1.00000	F=1.00000
			MISC:	R=1.00000	P=1.00000	F=1.00000
			100:	R=1.00000	P=1.00000	F=1.00000
				PER:	R=1.00000	P=1.00000	F=1.00000
				LOC:	R=1.00000	P=1.00000	F=1.00000
				ORG:	R=1.00000	P=1.00000	F=1.00000
				MISC:	R=1.00000	P=1.00000	F=1.00000
			101:	R=1.00000	P=1.00000	F=1.00000
				LOC:	R=1.00000	P=1.00000	F=1.00000
				ORG:	R=1.00000	P=1.00000	F=1.00000
				MISC:	R=1.00000	P=1.00000	F=1.00000
			103:	R=1.00000	P=1.00000	F=1.00000
				PER:	R=1.00000	P=1.00000	F=1.00000
				LOC:	R=1.00000	P=1.00000	F=1.00000
				ORG:	R=1.00000	P=1.00000	F=1.00000
				MISC:	R=1.00000	P=1.00000	F=1.00000
			105:	R=1.00000	P=1.00000	F=1.00000
				PER:	R=1.00000	P=1.00000	F=1.00000
				LOC:	R=1.00000	P=1.00000	F=1.00000
				ORG:	R=1.00000	P=1.00000	F=1.00000
			109:	R=1.00000	P=1.00000	F=1.00000
				PER:	R=1.00000	P=1.00000	F=1.00000
				LOC:	R=1.00000	P=1.00000	F=1.00000
				ORG:	R=1.00000	P=1.00000	F=1.00000
		sk:	R=1.00000	P=1.00000	F=1.00000
			PER:	R=1.00000	P=1.00000	F=1.00000
			LOC:	R=1.00000	P=1.00000	F=1.00000
			ORG:	R=1.00000	P=1.00000	F=1.00000
			MISC:	R=1.00000	P=1.00000	F=1.00000
			454:	R=1.00000	P=1.00000	F=1.00000
				PER:	R=1.00000	P=1.00000	F=1.00000
				LOC:	R=1.00000	P=1.00000	F=1.00000
				ORG:	R=1.00000	P=1.00000	F=1.00000
				MISC:	R=1.00000	P=1.00000	F=1.00000
			455:	R=1.00000	P=1.00000	F=1.00000
				PER:	R=1.00000	P=1.00000	F=1.00000
				LOC:	R=1.00000	P=1.00000	F=1.00000
				ORG:	R=1.00000	P=1.00000	F=1.00000
			456:	R=1.00000	P=1.00000	F=1.00000
				PER:	R=1.00000	P=1.00000	F=1.00000
				LOC:	R=1.00000	P=1.00000	F=1.00000
				ORG:	R=1.00000	P=1.00000	F=1.00000
				MISC:	R=1.00000	P=1.00000	F=1.00000
			459:	R=1.00000	P=1.00000	F=1.00000
				PER:	R=1.00000	P=1.00000	F=1.00000
				LOC:	R=1.00000	P=1.00000	F=1.00000
				ORG:	R=1.00000	P=1.00000	F=1.00000
				MISC:	R=1.00000	P=1.00000	F=1.00000
			460:	R=1.00000	P=1.00000	F=1.00000
				LOC:	R=1.00000	P=1.00000	F=1.00000
				ORG:	R=1.00000	P=1.00000	F=1.00000
		pl:	R=1.00000	P=1.00000	F=1.00000
			PER:	R=1.00000	P=1.00000	F=1.00000
			LOC:	R=1.00000	P=1.00000	F=1.00000
			ORG:	R=1.00000	P=1.00000	F=1.00000
			MISC:	R=1.00000	P=1.00000	F=1.00000
			27:	R=1.00000	P=1.00000	F=1.00000
				PER:	R=1.00000	P=1.00000	F=1.00000
				LOC:	R=1.00000	P=1.00000	F=1.00000
				ORG:	R=1.00000	P=1.00000	F=1.00000
			29:	R=1.00000	P=1.00000	F=1.00000
				PER:	R=1.00000	P=1.00000	F=1.00000
				LOC:	R=1.00000	P=1.00000	F=1.00000
				ORG:	R=1.00000	P=1.00000	F=1.00000
			32:	R=1.00000	P=1.00000	F=1.00000
				LOC:	R=1.00000	P=1.00000	F=1.00000
				ORG:	R=1.00000	P=1.00000	F=1.00000
				MISC:	R=1.00000	P=1.00000	F=1.00000
			11:	R=1.00000	P=1.00000	F=1.00000
				LOC:	R=1.00000	P=1.00000	F=1.00000
				ORG:	R=1.00000	P=1.00000	F=1.00000
				MISC:	R=1.00000	P=1.00000	F=1.00000
			3:	R=1.00000	P=1.00000	F=1.00000
				PER:	R=1.00000	P=1.00000	F=1.00000
				LOC:	R=1.00000	P=1.00000	F=1.00000
				ORG:	R=1.00000	P=1.00000	F=1.00000
				MISC:	R=1.00000	P=1.00000	F=1.00000
1b) Relaxed exact matching
--------------------------
All corpora:	R=1.00000	P=1.00000	F=1.00000
	PER:	R=1.00000	P=1.00000	F=1.00000
	LOC:	R=1.00000	P=1.00000	F=1.00000
	ORG:	R=1.00000	P=1.00000	F=1.00000
	MISC:	R=1.00000	P=1.00000	F=1.00000
	cs:	R=1.00000	P=1.00000	F=1.00000
		PER:	R=1.00000	P=1.00000	F=1.00000
		LOC:	R=1.00000	P=1.00000	F=1.00000
		ORG:	R=1.00000	P=1.00000	F=1.00000
		MISC:	R=1.00000	P=1.00000	F=1.00000
	sk:	R=1.00000	P=1.00000	F=1.00000
		PER:	R=1.00000	P=1.00000	F=1.00000
		LOC:	R=1.00000	P=1.00000	F=1.00000
		ORG:	R=1.00000	P=1.00000	F=1.00000
		MISC:	R=1.00000	P=1.00000	F=1.00000
	pl:	R=1.00000	P=1.00000	F=1.00000
		PER:	R=1.00000	P=1.00000	F=1.00000
		LOC:	R=1.00000	P=1.00000	F=1.00000
		ORG:	R=1.00000	P=1.00000	F=1.00000
		MISC:	R=1.00000	P=1.00000	F=1.00000
	trump:	R=1.00000	P=1.00000	F=1.00000
		PER:	R=1.00000	P=1.00000	F=1.00000
		LOC:	R=1.00000	P=1.00000	F=1.00000
		ORG:	R=1.00000	P=1.00000	F=1.00000
		MISC:	R=1.00000	P=1.00000	F=1.00000
		cs:	R=1.00000	P=1.00000	F=1.00000
			PER:	R=1.00000	P=1.00000	F=1.00000
			LOC:	R=1.00000	P=1.00000	F=1.00000
			ORG:	R=1.00000	P=1.00000	F=1.00000
			MISC:	R=1.00000	P=1.00000	F=1.00000
			111:	R=1.00000	P=1.00000	F=1.00000
				PER:	R=1.00000	P=1.00000	F=1.00000
				LOC:	R=1.00000	P=1.00000	F=1.00000
				ORG:	R=1.00000	P=1.00000	F=1.00000
				MISC:	R=1.00000	P=1.00000	F=1.00000
			112:	R=1.00000	P=1.00000	F=1.00000
				PER:	R=1.00000	P=1.00000	F=1.00000
				LOC:	R=1.00000	P=1.00000	F=1.00000
				ORG:	R=1.00000	P=1.00000	F=1.00000
				MISC:	R=1.00000	P=1.00000	F=1.00000
			113:	R=1.00000	P=1.00000	F=1.00000
				PER:	R=1.00000	P=1.00000	F=1.00000
				LOC:	R=1.00000	P=1.00000	F=1.00000
				ORG:	R=1.00000	P=1.00000	F=1.00000
			101:	R=1.00000	P=1.00000	F=1.00000
				PER:	R=1.00000	P=1.00000	F=1.00000
				LOC:	R=1.00000	P=1.00000	F=1.00000
			103:	R=1.00000	P=1.00000	F=1.00000
				PER:	R=1.00000	P=1.00000	F=1.00000
				LOC:	R=1.00000	P=1.00000	F=1.00000
				ORG:	R=1.00000	P=1.00000	F=1.00000
		sk:	R=1.00000	P=1.00000	F=1.00000
			PER:	R=1.00000	P=1.00000	F=1.00000
			LOC:	R=1.00000	P=1.00000	F=1.00000
			ORG:	R=1.00000	P=1.00000	F=1.00000
			MISC:	R=1.00000	P=1.00000	F=1.00000
			430:	R=1.00000	P=1.00000	F=1.00000
				PER:	R=1.00000	P=1.00000	F=1.00000
				LOC:	R=1.00000	P=1.00000	F=1.00000
				ORG:	R=1.00000	P=1.00000	F=1.00000
			434:	R=1.00000	P=1.00000	F=1.00000
				PER:	R=1.00000	P=1.00000	F=1.00000
				LOC:	R=1.00000	P=1.00000	F=1.00000
				ORG:	R=1.00000	P=1.00000	F=1.00000
			100:	R=1.00000	P=1.00000	F=1.00000
				PER:	R=1.00000	P=1.00000	F=1.00000
				LOC:	R=1.00000	P=1.00000	F=1.00000
				ORG:	R=1.00000	P=1.00000	F=1.00000
				MISC:	R=1.00000	P=1.00000	F=1.00000
			425:	R=1.00000	P=1.00000	F=1.00000
				PER:	R=1.00000	P=1.00000	F=1.00000
				LOC:	R=1.00000	P=1.00000	F=1.00000
				ORG:	R=1.00000	P=1.00000	F=1.00000
				MISC:	R=1.00000	P=1.00000	F=1.00000
			428:	R=1.00000	P=1.00000	F=1.00000
				PER:	R=1.00000	P=1.00000	F=1.00000
				LOC:	R=1.00000	P=1.00000	F=1.00000
				ORG:	R=1.00000	P=1.00000	F=1.00000
		pl:	R=1.00000	P=1.00000	F=1.00000
			PER:	R=1.00000	P=1.00000	F=1.00000
			LOC:	R=1.00000	P=1.00000	F=1.00000
			ORG:	R=1.00000	P=1.00000	F=1.00000
			MISC:	R=1.00000	P=1.00000	F=1.00000
			23:	R=1.00000	P=1.00000	F=1.00000
				PER:	R=1.00000	P=1.00000	F=1.00000
				LOC:	R=1.00000	P=1.00000	F=1.00000
				ORG:	R=1.00000	P=1.00000	F=1.00000
				MISC:	R=1.00000	P=1.00000	F=1.00000
			25:	R=1.00000	P=1.00000	F=1.00000
				PER:	R=1.00000	P=1.00000	F=1.00000
				LOC:	R=1.00000	P=1.00000	F=1.00000
				ORG:	R=1.00000	P=1.00000	F=1.00000
				MISC:	R=1.00000	P=1.00000	F=1.00000
			16:	R=1.00000	P=1.00000	F=1.00000
				PER:	R=1.00000	P=1.00000	F=1.00000
				LOC:	R=1.00000	P=1.00000	F=1.00000
				ORG:	R=1.00000	P=1.00000	F=1.00000
			18:	R=1.00000	P=1.00000	F=1.00000
				PER:	R=1.00000	P=1.00000	F=1.00000
				LOC:	R=1.00000	P=1.00000	F=1.00000
				ORG:	R=1.00000	P=1.00000	F=1.00000
				MISC:	R=1.00000	P=1.00000	F=1.00000
			21:	R=1.00000	P=1.00000	F=1.00000
				PER:	R=1.00000	P=1.00000	F=1.00000
				LOC:	R=1.00000	P=1.00000	F=1.00000
				ORG:	R=1.00000	P=1.00000	F=1.00000
				MISC:	R=1.00000	P=1.00000	F=1.00000
	ec:	R=1.00000	P=1.00000	F=1.00000
		PER:	R=1.00000	P=1.00000	F=1.00000
		LOC:	R=1.00000	P=1.00000	F=1.00000
		ORG:	R=1.00000	P=1.00000	F=1.00000
		MISC:	R=1.00000	P=1.00000	F=1.00000
		cs:	R=1.00000	P=1.00000	F=1.00000
			PER:	R=1.00000	P=1.00000	F=1.00000
			LOC:	R=1.00000	P=1.00000	F=1.00000
			ORG:	R=1.00000	P=1.00000	F=1.00000
			MISC:	R=1.00000	P=1.00000	F=1.00000
			100:	R=1.00000	P=1.00000	F=1.00000
				PER:	R=1.00000	P=1.00000	F=1.00000
				LOC:	R=1.00000	P=1.00000	F=1.00000
				ORG:	R=1.00000	P=1.00000	F=1.00000
				MISC:	R=1.00000	P=1.00000	F=1.00000
			101:	R=1.00000	P=1.00000	F=1.00000
				LOC:	R=1.00000	P=1.00000	F=1.00000
				ORG:	R=1.00000	P=1.00000	F=1.00000
				MISC:	R=1.00000	P=1.00000	F=1.00000
			103:	R=1.00000	P=1.00000	F=1.00000
				PER:	R=1.00000	P=1.00000	F=1.00000
				LOC:	R=1.00000	P=1.00000	F=1.00000
				ORG:	R=1.00000	P=1.00000	F=1.00000
				MISC:	R=1.00000	P=1.00000	F=1.00000
			105:	R=1.00000	P=1.00000	F=1.00000
				PER:	R=1.00000	P=1.00000	F=1.00000
				LOC:	R=1.00000	P=1.00000	F=1.00000
				ORG:	R=1.00000	P=1.00000	F=1.00000
			109:	R=1.00000	P=1.00000	F=1.00000
				PER:	R=1.00000	P=1.00000	F=1.00000
				LOC:	R=1.00000	P=1.00000	F=1.00000
				ORG:	R=1.00000	P=1.00000	F=1.00000
		sk:	R=1.00000	P=1.00000	F=1.00000
			PER:	R=1.00000	P=1.00000	F=1.00000
			LOC:	R=1.00000	P=1.00000	F=1.00000
			ORG:	R=1.00000	P=1.00000	F=1.00000
			MISC:	R=1.00000	P=1.00000	F=1.00000
			454:	R=1.00000	P=1.00000	F=1.00000
				PER:	R=1.00000	P=1.00000	F=1.00000
				LOC:	R=1.00000	P=1.00000	F=1.00000
				ORG:	R=1.00000	P=1.00000	F=1.00000
				MISC:	R=1.00000	P=1.00000	F=1.00000
			455:	R=1.00000	P=1.00000	F=1.00000
				PER:	R=1.00000	P=1.00000	F=1.00000
				LOC:	R=1.00000	P=1.00000	F=1.00000
				ORG:	R=1.00000	P=1.00000	F=1.00000
			456:	R=1.00000	P=1.00000	F=1.00000
				PER:	R=1.00000	P=1.00000	F=1.00000
				LOC:	R=1.00000	P=1.00000	F=1.00000
				ORG:	R=1.00000	P=1.00000	F=1.00000
				MISC:	R=1.00000	P=1.00000	F=1.00000
			459:	R=1.00000	P=1.00000	F=1.00000
				PER:	R=1.00000	P=1.00000	F=1.00000
				LOC:	R=1.00000	P=1.00000	F=1.00000
				ORG:	R=1.00000	P=1.00000	F=1.00000
				MISC:	R=1.00000	P=1.00000	F=1.00000
			460:	R=1.00000	P=1.00000	F=1.00000
				LOC:	R=1.00000	P=1.00000	F=1.00000
				ORG:	R=1.00000	P=1.00000	F=1.00000
		pl:	R=1.00000	P=1.00000	F=1.00000
			PER:	R=1.00000	P=1.00000	F=1.00000
			LOC:	R=1.00000	P=1.00000	F=1.00000
			ORG:	R=1.00000	P=1.00000	F=1.00000
			MISC:	R=1.00000	P=1.00000	F=1.00000
			27:	R=1.00000	P=1.00000	F=1.00000
				PER:	R=1.00000	P=1.00000	F=1.00000
				LOC:	R=1.00000	P=1.00000	F=1.00000
				ORG:	R=1.00000	P=1.00000	F=1.00000
			29:	R=1.00000	P=1.00000	F=1.00000
				PER:	R=1.00000	P=1.00000	F=1.00000
				LOC:	R=1.00000	P=1.00000	F=1.00000
				ORG:	R=1.00000	P=1.00000	F=1.00000
			32:	R=1.00000	P=1.00000	F=1.00000
				LOC:	R=1.00000	P=1.00000	F=1.00000
				ORG:	R=1.00000	P=1.00000	F=1.00000
				MISC:	R=1.00000	P=1.00000	F=1.00000
			11:	R=1.00000	P=1.00000	F=1.00000
				LOC:	R=1.00000	P=1.00000	F=1.00000
				ORG:	R=1.00000	P=1.00000	F=1.00000
				MISC:	R=1.00000	P=1.00000	F=1.00000
			3:	R=1.00000	P=1.00000	F=1.00000
				PER:	R=1.00000	P=1.00000	F=1.00000
				LOC:	R=1.00000	P=1.00000	F=1.00000
				ORG:	R=1.00000	P=1.00000	F=1.00000
				MISC:	R=1.00000	P=1.00000	F=1.00000
1c) Strict matching
-------------------
All corpora:	R=1.00000	P=1.00000	F=1.00000
	PER:	R=1.00000	P=1.00000	F=1.00000
	LOC:	R=1.00000	P=1.00000	F=1.00000
	ORG:	R=1.00000	P=1.00000	F=1.00000
	MISC:	R=1.00000	P=1.00000	F=1.00000
	cs:	R=1.00000	P=1.00000	F=1.00000
		PER:	R=1.00000	P=1.00000	F=1.00000
		LOC:	R=1.00000	P=1.00000	F=1.00000
		ORG:	R=1.00000	P=1.00000	F=1.00000
		MISC:	R=1.00000	P=1.00000	F=1.00000
	sk:	R=1.00000	P=1.00000	F=1.00000
		PER:	R=1.00000	P=1.00000	F=1.00000
		LOC:	R=1.00000	P=1.00000	F=1.00000
		ORG:	R=1.00000	P=1.00000	F=1.00000
		MISC:	R=1.00000	P=1.00000	F=1.00000
	pl:	R=1.00000	P=1.00000	F=1.00000
		PER:	R=1.00000	P=1.00000	F=1.00000
		LOC:	R=1.00000	P=1.00000	F=1.00000
		ORG:	R=1.00000	P=1.00000	F=1.00000
		MISC:	R=1.00000	P=1.00000	F=1.00000
	trump:	R=1.00000	P=1.00000	F=1.00000
		PER:	R=1.00000	P=1.00000	F=1.00000
		LOC:	R=1.00000	P=1.00000	F=1.00000
		ORG:	R=1.00000	P=1.00000	F=1.00000
		MISC:	R=1.00000	P=1.00000	F=1.00000
		cs:	R=1.00000	P=1.00000	F=1.00000
			PER:	R=1.00000	P=1.00000	F=1.00000
			LOC:	R=1.00000	P=1.00000	F=1.00000
			ORG:	R=1.00000	P=1.00000	F=1.00000
			MISC:	R=1.00000	P=1.00000	F=1.00000
			111:	R=1.00000	P=1.00000	F=1.00000
				PER:	R=1.00000	P=1.00000	F=1.00000
				LOC:	R=1.00000	P=1.00000	F=1.00000
				ORG:	R=1.00000	P=1.00000	F=1.00000
				MISC:	R=1.00000	P=1.00000	F=1.00000
			112:	R=1.00000	P=1.00000	F=1.00000
				PER:	R=1.00000	P=1.00000	F=1.00000
				LOC:	R=1.00000	P=1.00000	F=1.00000
				ORG:	R=1.00000	P=1.00000	F=1.00000
				MISC:	R=1.00000	P=1.00000	F=1.00000
			113:	R=1.00000	P=1.00000	F=1.00000
				PER:	R=1.00000	P=1.00000	F=1.00000
				LOC:	R=1.00000	P=1.00000	F=1.00000
				ORG:	R=1.00000	P=1.00000	F=1.00000
			101:	R=1.00000	P=1.00000	F=1.00000
				PER:	R=1.00000	P=1.00000	F=1.00000
				LOC:	R=1.00000	P=1.00000	F=1.00000
			103:	R=1.00000	P=1.00000	F=1.00000
				PER:	R=1.00000	P=1.00000	F=1.00000
				LOC:	R=1.00000	P=1.00000	F=1.00000
				ORG:	R=1.00000	P=1.00000	F=1.00000
		sk:	R=1.00000	P=1.00000	F=1.00000
			PER:	R=1.00000	P=1.00000	F=1.00000
			LOC:	R=1.00000	P=1.00000	F=1.00000
			ORG:	R=1.00000	P=1.00000	F=1.00000
			MISC:	R=1.00000	P=1.00000	F=1.00000
			430:	R=1.00000	P=1.00000	F=1.00000
				PER:	R=1.00000	P=1.00000	F=1.00000
				LOC:	R=1.00000	P=1.00000	F=1.00000
				ORG:	R=1.00000	P=1.00000	F=1.00000
			434:	R=1.00000	P=1.00000	F=1.00000
				PER:	R=1.00000	P=1.00000	F=1.00000
				LOC:	R=1.00000	P=1.00000	F=1.00000
				ORG:	R=1.00000	P=1.00000	F=1.00000
			100:	R=1.00000	P=1.00000	F=1.00000
				PER:	R=1.00000	P=1.00000	F=1.00000
				LOC:	R=1.00000	P=1.00000	F=1.00000
				ORG:	R=1.00000	P=1.00000	F=1.00000
				MISC:	R=1.00000	P=1.00000	F=1.00000
			425:	R=1.00000	P=1.00000	F=1.00000
				PER:	R=1.00000	P=1.00000	F=1.00000
				LOC:	R=1.00000	P=1.00000	F=1.00000
				ORG:	R=1.00000	P=1.00000	F=1.00000
				MISC:	R=1.00000	P=1.00000	F=1.00000
			428:	R=1.00000	P=1.00000	F=1.00000
				PER:	R=1.00000	P=1.00000	F=1.00000
				LOC:	R=1.00000	P=1.00000	F=1.00000
				ORG:	R=1.00000	P=1.00000	F=1.00000
		pl:	R=1.00000	P=1.00000	F=1.00000
			PER:	R=1.00000	P=1.00000	F=1.00000
			LOC:	R=1.00000	P=1.00000	F=1.00000
			ORG:	R=1.00000	P=1.00000	F=1.00000
			MISC:	R=1.00000	P=1.00000	F=1.00000
			23:	R=1.00000	P=1.00000	F=1.00000
				PER:	R=1.00000	P=1.00000	F=1.00000
				LOC:	R=1.00000	P=1.00000	F=1.00000
				ORG:	R=1.00000	P=1.00000	F=1.00000
				MISC:	R=1.00000	P=1.00000	F=1.00000
			25:	R=1.00000	P=1.00000	F=1.00000
				PER:	R=1.00000	P=1.00000	F=1.00000
				LOC:	R=1.00000	P=1.00000	F=1.00000
				ORG:	R=1.00000	P=1.00000	F=1.00000
				MISC:	R=1.00000	P=1.00000	F=1.00000
			16:	R=1.00000	P=1.00000	F=1.00000
				PER:	R=1.00000	P=1.00000	F=1.00000
				LOC:	R=1.00000	P=1.00000	F=1.00000
				ORG:	R=1.00000	P=1.00000	F=1.00000
			18:	R=1.00000	P=1.00000	F=1.00000
				PER:	R=1.00000	P=1.00000	F=1.00000
				LOC:	R=1.00000	P=1.00000	F=1.00000
				ORG:	R=1.00000	P=1.00000	F=1.00000
				MISC:	R=1.00000	P=1.00000	F=1.00000
			21:	R=1.00000	P=1.00000	F=1.00000
				PER:	R=1.00000	P=1.00000	F=1.00000
				LOC:	R=1.00000	P=1.00000	F=1.00000
				ORG:	R=1.00000	P=1.00000	F=1.00000
				MISC:	R=1.00000	P=1.00000	F=1.00000
	ec:	R=1.00000	P=1.00000	F=1.00000
		PER:	R=1.00000	P=1.00000	F=1.00000
		LOC:	R=1.00000	P=1.00000	F=1.00000
		ORG:	R=1.00000	P=1.00000	F=1.00000
		MISC:	R=1.00000	P=1.00000	F=1.00000
		cs:	R=1.00000	P=1.00000	F=1.00000
			PER:	R=1.00000	P=1.00000	F=1.00000
			LOC:	R=1.00000	P=1.00000	F=1.00000
			ORG:	R=1.00000	P=1.00000	F=1.00000
			MISC:	R=1.00000	P=1.00000	F=1.00000
			100:	R=1.00000	P=1.00000	F=1.00000
				PER:	R=1.00000	P=1.00000	F=1.00000
				LOC:	R=1.00000	P=1.00000	F=1.00000
				ORG:	R=1.00000	P=1.00000	F=1.00000
				MISC:	R=1.00000	P=1.00000	F=1.00000
			101:	R=1.00000	P=1.00000	F=1.00000
				LOC:	R=1.00000	P=1.00000	F=1.00000
				ORG:	R=1.00000	P=1.00000	F=1.00000
				MISC:	R=1.00000	P=1.00000	F=1.00000
			103:	R=1.00000	P=1.00000	F=1.00000
				PER:	R=1.00000	P=1.00000	F=1.00000
				LOC:	R=1.00000	P=1.00000	F=1.00000
				ORG:	R=1.00000	P=1.00000	F=1.00000
				MISC:	R=1.00000	P=1.00000	F=1.00000
			105:	R=1.00000	P=1.00000	F=1.00000
				PER:	R=1.00000	P=1.00000	F=1.00000
				LOC:	R=1.00000	P=1.00000	F=1.00000
				ORG:	R=1.00000	P=1.00000	F=1.00000
			109:	R=1.00000	P=1.00000	F=1.00000
				PER:	R=1.00000	P=1.00000	F=1.00000
				LOC:	R=1.00000	P=1.00000	F=1.00000
				ORG:	R=1.00000	P=1.00000	F=1.00000
		sk:	R=1.00000	P=1.00000	F=1.00000
			PER:	R=1.00000	P=1.00000	F=1.00000
			LOC:	R=1.00000	P=1.00000	F=1.00000
			ORG:	R=1.00000	P=1.00000	F=1.00000
			MISC:	R=1.00000	P=1.00000	F=1.00000
			454:	R=1.00000	P=1.00000	F=1.00000
				PER:	R=1.00000	P=1.00000	F=1.00000
				LOC:	R=1.00000	P=1.00000	F=1.00000
				ORG:	R=1.00000	P=1.00000	F=1.00000
				MISC:	R=1.00000	P=1.00000	F=1.00000
			455:	R=1.00000	P=1.00000	F=1.00000
				PER:	R=1.00000	P=1.00000	F=1.00000
				LOC:	R=1.00000	P=1.00000	F=1.00000
				ORG:	R=1.00000	P=1.00000	F=1.00000
			456:	R=1.00000	P=1.00000	F=1.00000
				PER:	R=1.00000	P=1.00000	F=1.00000
				LOC:	R=1.00000	P=1.00000	F=1.00000
				ORG:	R=1.00000	P=1.00000	F=1.00000
				MISC:	R=1.00000	P=1.00000	F=1.00000
			459:	R=1.00000	P=1.00000	F=1.00000
				PER:	R=1.00000	P=1.00000	F=1.00000
				LOC:	R=1.00000	P=1.00000	F=1.00000
				ORG:	R=1.00000	P=1.00000	F=1.00000
				MISC:	R=1.00000	P=1.00000	F=1.00000
			460:	R=1.00000	P=1.00000	F=1.00000
				LOC:	R=1.00000	P=1.00000	F=1.00000
				ORG:	R=1.00000	P=1.00000	F=1.00000
		pl:	R=1.00000	P=1.00000	F=1.00000
			PER:	R=1.00000	P=1.00000	F=1.00000
			LOC:	R=1.00000	P=1.00000	F=1.00000
			ORG:	R=1.00000	P=1.00000	F=1.00000
			MISC:	R=1.00000	P=1.00000	F=1.00000
			27:	R=1.00000	P=1.00000	F=1.00000
				PER:	R=1.00000	P=1.00000	F=1.00000
				LOC:	R=1.00000	P=1.00000	F=1.00000
				ORG:	R=1.00000	P=1.00000	F=1.00000
			29:	R=1.00000	P=1.00000	F=1.00000
				PER:	R=1.00000	P=1.00000	F=1.00000
				LOC:	R=1.00000	P=1.00000	F=1.00000
				ORG:	R=1.00000	P=1.00000	F=1.00000
			32:	R=1.00000	P=1.00000	F=1.00000
				LOC:	R=1.00000	P=1.00000	F=1.00000
				ORG:	R=1.00000	P=1.00000	F=1.00000
				MISC:	R=1.00000	P=1.00000	F=1.00000
			11:	R=1.00000	P=1.00000	F=1.00000
				LOC:	R=1.00000	P=1.00000	F=1.00000
				ORG:	R=1.00000	P=1.00000	F=1.00000
				MISC:	R=1.00000	P=1.00000	F=1.00000
			3:	R=1.00000	P=1.00000	F=1.00000
				PER:	R=1.00000	P=1.00000	F=1.00000
				LOC:	R=1.00000	P=1.00000	F=1.00000
				ORG:	R=1.00000	P=1.00000	F=1.00000
				MISC:	R=1.00000	P=1.00000	F=1.00000
2) Normalization
================
All corpora:	R=0.15415	P=0.08497	F=0.10955
	PER:	R=0.33333	P=0.18898	F=0.24121
	LOC:	R=0.07767	P=0.05031	F=0.06107
	ORG:	R=0.06061	P=0.02837	F=0.03865
	MISC:	R=0.25000	P=0.09375	F=0.13636
	cs:	R=0.29333	P=0.16541	F=0.21154
		PER:	R=0.58333	P=0.33333	F=0.42424
		LOC:	R=0.03704	P=0.02703	F=0.03125
		ORG:	R=0.22222	P=0.09756	F=0.13559
		MISC:	R=0.50000	P=0.23077	F=0.31579
	sk:	R=0.08772	P=0.03704	F=0.05208
		PER:	R=0.14286	P=0.08824	F=0.10909
		LOC:	R=0.10000	P=0.04255	F=0.05970
		ORG:	R=0.00000	P=0.00000	F=0.00000
		MISC:	R=0.00000	P=0.00000	F=0.00000
	pl:	R=0.09917	P=0.06283	F=0.07692
		PER:	R=0.25926	P=0.13725	F=0.17949
		LOC:	R=0.08929	P=0.06667	F=0.07634
		ORG:	R=0.00000	P=0.00000	F=0.00000
		MISC:	R=0.00000	P=0.00000	F=0.00000
	trump:	R=0.23358	P=0.14884	F=0.18182
		PER:	R=0.40000	P=0.25974	F=0.31496
		LOC:	R=0.09259	P=0.07042	F=0.08000
		ORG:	R=0.15385	P=0.08163	F=0.10667
		MISC:	R=0.42857	P=0.16667	F=0.24000
		cs:	R=0.46341	P=0.30159	F=0.36538
			PER:	R=0.68750	P=0.47826	F=0.56410
			LOC:	R=0.08333	P=0.06250	F=0.07143
			ORG:	R=0.57143	P=0.28571	F=0.38095
			MISC:	R=0.50000	P=0.30000	F=0.37500
			111:	R=0.00000	P=0.00000	F=0.00000
				PER:	R=0.00000	P=0.00000	F=0.00000
				LOC:	R=0.00000	P=0.00000	F=0.00000
				ORG:	R=0.00000	P=0.00000	F=0.00000
				MISC:	R=0.00000	P=0.00000	F=0.00000
			112:	R=0.52941	P=0.36000	F=0.42857
				PER:	R=0.60000	P=0.42857	F=0.50000
				LOC:	R=0.00000	P=0.00000	F=0.00000
				ORG:	R=0.50000	P=0.37500	F=0.42857
				MISC:	R=0.60000	P=0.33333	F=0.42857
			113:	R=0.43750	P=0.35000	F=0.38889
				PER:	R=0.83333	P=0.71429	F=0.76923
				LOC:	R=0.11111	P=0.09091	F=0.10000
				ORG:	R=1.00000	P=0.50000	F=0.66667
			101:	R=0.00000	P=0.00000	F=0.00000
				PER:	R=0.00000	P=0.00000	F=0.00000
				LOC:	R=0.00000	P=0.00000	F=0.00000
			103:	R=0.60000	P=0.37500	F=0.46154
				PER:	R=0.75000	P=0.50000	F=0.60000
				LOC:	R=0.00000	P=0.00000	F=0.00000
				ORG:	R=0.00000	P=0.00000	F=0.00000
		sk:	R=0.11111	P=0.06122	F=0.07895
			PER:	R=0.20000	P=0.15000	F=0.17143
			LOC:	R=0.00000	P=0.00000	F=0.00000
			ORG:	R=0.00000	P=0.00000	F=0.00000
			MISC:	R=0.00000	P=0.00000	F=0.00000
			430:	R=0.00000	P=0.00000	F=0.00000
				PER:	R=0.00000	P=0.00000	F=0.00000
				LOC:	R=0.00000	P=0.00000	F=0.00000
				ORG:	R=0.00000	P=0.00000	F=0.00000
			434:	R=0.18182	P=0.10526	F=0.13333
				PER:	R=0.33333	P=0.20000	F=0.25000
				LOC:	R=0.00000	P=0.00000	F=0.00000
				ORG:	R=0.00000	P=0.00000	F=0.00000
			100:	R=0.00000	P=0.00000	F=0.00000
				ORG:	R=0.00000	P=0.00000	F=0.00000
				MISC:	R=0.00000	P=0.00000	F=0.00000
			425:	R=0.20000	P=0.07692	F=0.11111
				PER:	R=0.50000	P=0.50000	F=0.50000
				LOC:	R=0.00000	P=0.00000	F=0.00000
				ORG:	R=0.00000	P=0.00000	F=0.00000
				MISC:	R=0.00000	P=0.00000	F=0.00000
			428:	R=0.00000	P=0.00000	F=0.00000
				PER:	R=0.00000	P=0.00000	F=0.00000
				LOC:	R=0.00000	P=0.00000	F=0.00000
				ORG:	R=0.00000	P=0.00000	F=0.00000
		pl:	R=0.14493	P=0.09709	F=0.11628
			PER:	R=0.31579	P=0.17647	F=0.22642
			LOC:	R=0.11765	P=0.09756	F=0.10667
			ORG:	R=0.00000	P=0.00000	F=0.00000
			MISC:	R=0.00000	P=0.00000	F=0.00000
			23:	R=0.25000	P=0.11111	F=0.15385
				PER:	R=0.33333	P=0.20000	F=0.25000
				LOC:	R=0.00000	P=0.00000	F=0.00000
				ORG:	R=0.00000	P=0.00000	F=0.00000
				MISC:	R=0.00000	P=0.00000	F=0.00000
			25:	R=0.16667	P=0.10000	F=0.12500
				PER:	R=1.00000	P=0.33333	F=0.50000
				ORG:	R=0.00000	P=0.00000	F=0.00000
				MISC:	R=0.00000	P=0.00000	F=0.00000
			16:	R=0.20000	P=0.14286	F=0.16667
				PER:	R=0.25000	P=0.20000	F=0.22222
				LOC:	R=0.00000	P=0.00000	F=0.00000
				ORG:	R=0.00000	P=0.00000	F=0.00000
			18:	R=0.22222	P=0.13333	F=0.16667
				PER:	R=0.50000	P=0.50000	F=0.50000
				LOC:	R=0.16667	P=0.11111	F=0.13333
				ORG:	R=0.00000	P=0.00000	F=0.00000
				MISC:	R=0.00000	P=0.00000	F=0.00000
			21:	R=0.11111	P=0.08065	F=0.09346
				PER:	R=0.22222	P=0.10526	F=0.14286
				LOC:	R=0.11538	P=0.10000	F=0.10714
				ORG:	R=0.00000	P=0.00000	F=0.00000
	ec:	R=0.06034	P=0.02869	F=0.03889
		PER:	R=0.18182	P=0.08000	F=0.11111
		LOC:	R=0.06122	P=0.03409	F=0.04380
		ORG:	R=0.00000	P=0.00000	F=0.00000
		MISC:	R=0.00000	P=0.00000	F=0.00000
		cs:	R=0.08824	P=0.04286	F=0.05769
			PER:	R=0.37500	P=0.15789	F=0.22222
			LOC:	R=0.00000	P=0.00000	F=0.00000
			ORG:	R=0.00000	P=0.00000	F=0.00000
			MISC:	R=0.00000	P=0.00000	F=0.00000
			100:	R=0.00000	P=0.00000	F=0.00000
				PER:	R=0.00000	P=0.00000	F=0.00000
				LOC:	R=0.00000	P=0.00000	F=0.00000
				ORG:	R=0.00000	P=0.00000	F=0.00000
			101:	R=0.00000	P=0.00000	F=0.00000
				LOC:	R=0.00000	P=0.00000	F=0.00000
				ORG:	R=0.00000	P=0.00000	F=0.00000
				MISC:	R=0.00000	P=0.00000	F=0.00000
			103:	R=0.16667	P=0.09091	F=0.11765
				PER:	R=1.00000	P=1.00000	F=1.00000
				LOC:	R=0.00000	P=0.00000	F=0.00000
				ORG:	R=0.00000	P=0.00000	F=0.00000
				MISC:	R=0.00000	P=0.00000	F=0.00000
			105:	R=0.12500	P=0.07143	F=0.09091
				PER:	R=0.28571	P=0.16667	F=0.21053
				LOC:	R=0.00000	P=0.00000	F=0.00000
				ORG:	R=0.00000	P=0.00000	F=0.00000
			109:	R=0.00000	P=0.00000	F=0.00000
				PER:	R=0.00000	P=0.00000	F=0.00000
				LOC:	R=0.00000	P=0.00000	F=0.00000
				ORG:	R=0.00000	P=0.00000	F=0.00000
		sk:	R=0.06667	P=0.02326	F=0.03448
			PER:	R=0.00000	P=0.00000	F=0.00000
			LOC:	R=0.16667	P=0.06061	F=0.08889
			ORG:	R=0.00000	P=0.00000	F=0.00000
			MISC:	R=0.00000	P=0.00000	F=0.00000
			454:	R=0.00000	P=0.00000	F=0.00000
				PER:	R=0.00000	P=0.00000	F=0.00000
				LOC:	R=0.00000	P=0.00000	F=0.00000
				ORG:	R=0.00000	P=0.00000	F=0.00000
				MISC:	R=0.00000	P=0.00000	F=0.00000
			455:	R=0.00000	P=0.00000	F=0.00000
				LOC:	R=0.00000	P=0.00000	F=0.00000
				ORG:	R=0.00000	P=0.00000	F=0.00000
			456:	R=0.00000	P=0.00000	F=0.00000
				PER:	R=0.00000	P=0.00000	F=0.00000
				LOC:	R=0.00000	P=0.00000	F=0.00000
				ORG:	R=0.00000	P=0.00000	F=0.00000
				MISC:	R=0.00000	P=0.00000	F=0.00000
			459:	R=0.11111	P=0.04545	F=0.06452
				PER:	R=0.00000	P=0.00000	F=0.00000
				LOC:	R=0.40000	P=0.08696	F=0.14286
				ORG:	R=0.00000	P=0.00000	F=0.00000
				MISC:	R=0.00000	P=0.00000	F=0.00000
			460:	R=0.00000	P=0.00000	F=0.00000
				LOC:	R=0.00000	P=0.00000	F=0.00000
				ORG:	R=0.00000	P=0.00000	F=0.00000
		pl:	R=0.03846	P=0.02273	F=0.02857
			PER:	R=0.12500	P=0.05882	F=0.08000
			LOC:	R=0.04545	P=0.02941	F=0.03571
			ORG:	R=0.00000	P=0.00000	F=0.00000
			MISC:	R=0.00000	P=0.00000	F=0.00000
			27:	R=0.00000	P=0.00000	F=0.00000
				PER:	R=0.00000	P=0.00000	F=0.00000
				LOC:	R=0.00000	P=0.00000	F=0.00000
				ORG:	R=0.00000	P=0.00000	F=0.00000
			29:	R=0.00000	P=0.00000	F=0.00000
				PER:	R=0.00000	P=0.00000	F=0.00000
				LOC:	R=0.00000	P=0.00000	F=0.00000
				ORG:	R=0.00000	P=0.00000	F=0.00000
			32:	R=0.00000	P=0.00000	F=0.00000
				LOC:	R=0.00000	P=0.00000	F=0.00000
				ORG:	R=0.00000	P=0.00000	F=0.00000
			11:	R=0.00000	P=0.00000	F=0.00000
				LOC:	R=0.00000	P=0.00000	F=0.00000
				ORG:	R=0.00000	P=0.00000	F=0.00000
				MISC:	R=0.00000	P=0.00000	F=0.00000
			3:	R=0.07692	P=0.06061	F=0.06780
				PER:	R=0.14286	P=0.09091	F=0.11111
				LOC:	R=0.11111	P=0.10000	F=0.10526
				ORG:	R=0.00000	P=0.00000	F=0.00000
				MISC:	R=0.00000	P=0.00000	F=0.00000
3) Coreference
==============
3a) Document level
------------------
All corpora:	R=0.20133	P=1.00000	F=0.33517
	PER:	R=0.18706	P=1.00000	F=0.31517
	LOC:	R=0.39974	P=1.00000	F=0.57117
	ORG:	R=0.06744	P=1.00000	F=0.12635
	MISC:	R=0.00000	P=0.00000	F=0.00000
	cs:	R=0.31386	P=1.00000	F=0.47777
		PER:	R=0.40603	P=1.00000	F=0.57755
		LOC:	R=0.26368	P=1.00000	F=0.41732
		ORG:	R=0.23143	P=1.00000	F=0.37587
		MISC:	R=0.00000	P=0.00000	F=0.00000
	sk:	R=0.15975	P=1.00000	F=0.27549
		PER:	R=0.03751	P=1.00000	F=0.07231
		LOC:	R=0.55912	P=1.00000	F=0.71723
		ORG:	R=0.00000	P=0.00000	F=0.00000
		MISC:	R=0.00000	P=0.00000	F=0.00000
	pl:	R=0.16090	P=1.00000	F=0.27719
		PER:	R=0.10092	P=1.00000	F=0.18333
		LOC:	R=0.36818	P=1.00000	F=0.53821
		ORG:	R=0.01739	P=1.00000	F=0.03418
		MISC:	R=0.00000	P=0.00000	F=0.00000
	trump:	R=0.24658	P=1.00000	F=0.39561
		PER:	R=0.19287	P=1.00000	F=0.32337
		LOC:	R=0.35836	P=1.00000	F=0.52763
		ORG:	R=0.40000	P=1.00000	F=0.57143
		MISC:	R=0.00000	P=0.00000	F=0.00000
		cs:	R=0.52456	P=1.00000	F=0.68815
			PER:	R=0.53485	P=1.00000	F=0.69694
			LOC:	R=0.00000	P=0.00000	F=0.00000
			ORG:	R=1.00000	P=1.00000	F=1.00000
			MISC:	R=0.00000	P=0.00000	F=0.00000
			111:	R=0.00000	P=0.00000	F=0.00000
				PER:	R=0.00000	P=0.00000	F=0.00000
			112:	R=0.63758	P=1.00000	F=0.77869
				PER:	R=0.60000	P=1.00000	F=0.75000
				ORG:	R=1.00000	P=1.00000	F=1.00000
				MISC:	R=0.00000	P=0.00000	F=0.00000
			113:	R=1.00000	P=1.00000	F=1.00000
				PER:	R=1.00000	P=1.00000	F=1.00000
			101:	R=0.00000	P=0.00000	F=0.00000
				PER:	R=0.00000	P=0.00000	F=0.00000
				LOC:	R=0.00000	P=0.00000	F=0.00000
			103:	R=0.60000	P=1.00000	F=0.75000
				PER:	R=0.60000	P=1.00000	F=0.75000
		sk:	R=0.08950	P=1.00000	F=0.16430
			PER:	R=0.04527	P=1.00000	F=0.08662
			LOC:	R=0.25000	P=1.00000	F=0.40000
			ORG:	R=0.00000	P=0.00000	F=0.00000
			430:	R=0.00000	P=0.00000	F=0.00000
				PER:	R=0.00000	P=0.00000	F=0.00000
				LOC:	R=0.00000	P=0.00000	F=0.00000
			434:	R=0.04363	P=1.00000	F=0.08361
				PER:	R=0.05372	P=1.00000	F=0.10197
				ORG:	R=0.00000	P=0.00000	F=0.00000
			100:	R=0.00000	P=0.00000	F=0.00000
				PER:	R=0.00000	P=0.00000	F=0.00000
			425:	R=0.33333	P=1.00000	F=0.50000
				PER:	R=0.16667	P=1.00000	F=0.28571
				LOC:	R=0.50000	P=1.00000	F=0.66667
			428:	R=0.00000	P=0.00000	F=0.00000
				PER:	R=0.00000	P=0.00000	F=0.00000
		pl:	R=0.21153	P=1.00000	F=0.34919
			PER:	R=0.10105	P=1.00000	F=0.18356
			LOC:	R=0.43316	P=1.00000	F=0.60448
			ORG:	R=0.00000	P=0.00000	F=0.00000
			MISC:	R=0.00000	P=0.00000	F=0.00000
			23:	R=0.00000	P=0.00000	F=0.00000
				PER:	R=0.00000	P=0.00000	F=0.00000
			25:	R=0.08333	P=1.00000	F=0.15385
				PER:	R=0.11111	P=1.00000	F=0.20000
				ORG:	R=0.00000	P=0.00000	F=0.00000
			16:	R=0.00000	P=0.00000	F=0.00000
				PER:	R=0.00000	P=0.00000	F=0.00000
			18:	R=0.00000	P=0.00000	F=0.00000
				PER:	R=0.00000	P=0.00000	F=0.00000
				MISC:	R=0.00000	P=0.00000	F=0.00000
			21:	R=0.36570	P=1.00000	F=0.53555
				PER:	R=0.28510	P=1.00000	F=0.44370
				LOC:	R=0.43316	P=1.00000	F=0.60448
				ORG:	R=0.00000	P=0.00000	F=0.00000
	ec:	R=0.16646	P=1.00000	F=0.28540
		PER:	R=0.16984	P=1.00000	F=0.29037
		LOC:	R=0.42738	P=1.00000	F=0.59883
		ORG:	R=0.02302	P=1.00000	F=0.04500
		MISC:	R=0.00000	P=0.00000	F=0.00000
		cs:	R=0.19113	P=1.00000	F=0.32092
			PER:	R=0.24737	P=1.00000	F=0.39662
			LOC:	R=0.30372	P=1.00000	F=0.46593
			ORG:	R=0.05920	P=1.00000	F=0.11178
			100:	R=0.00000	P=0.00000	F=0.00000
				LOC:	R=0.00000	P=0.00000	F=0.00000
				ORG:	R=0.00000	P=0.00000	F=0.00000
			101:	R=1.00000	P=1.00000	F=1.00000
				LOC:	R=1.00000	P=1.00000	F=1.00000
			103:	R=0.33333	P=1.00000	F=0.50000
				PER:	R=0.33333	P=1.00000	F=0.50000
				ORG:	R=0.33333	P=1.00000	F=0.50000
			105:	R=0.20332	P=1.00000	F=0.33793
				PER:	R=0.22528	P=1.00000	F=0.36772
				LOC:	R=0.33333	P=1.00000	F=0.50000
				ORG:	R=0.00000	P=0.00000	F=0.00000
			109:	R=0.00000	P=0.00000	F=0.00000
				LOC:	R=0.00000	P=0.00000	F=0.00000
				ORG:	R=0.00000	P=0.00000	F=0.00000
		sk:	R=0.21296	P=1.00000	F=0.35114
			PER:	R=0.00000	P=0.00000	F=0.00000
			LOC:	R=0.74690	P=1.00000	F=0.85511
			ORG:	R=0.00000	P=0.00000	F=0.00000
			MISC:	R=0.00000	P=0.00000	F=0.00000
			454:	R=0.30657	P=1.00000	F=0.46928
				PER:	R=0.00000	P=0.00000	F=0.00000
				LOC:	R=1.00000	P=1.00000	F=1.00000
				ORG:	R=0.00000	P=0.00000	F=0.00000
			455:	R=0.00000	P=0.00000	F=0.00000
				ORG:	R=0.00000	P=0.00000	F=0.00000
			456:	R=0.38685	P=1.00000	F=0.55789
				LOC:	R=1.00000	P=1.00000	F=1.00000
				ORG:	R=0.00000	P=0.00000	F=0.00000
			459:	R=0.19850	P=1.00000	F=0.33125
				PER:	R=0.00000	P=0.00000	F=0.00000
				LOC:	R=0.58333	P=1.00000	F=0.73684
				ORG:	R=0.00000	P=0.00000	F=0.00000
				MISC:	R=0.00000	P=0.00000	F=0.00000
			460:	R=0.00000	P=0.00000	F=0.00000
				ORG:	R=0.00000	P=0.00000	F=0.00000
		pl:	R=0.11440	P=1.00000	F=0.20532
			PER:	R=0.10000	P=1.00000	F=0.18182
			LOC:	R=0.30056	P=1.00000	F=0.46220
			ORG:	R=0.01941	P=1.00000	F=0.03809
			MISC:	R=0.00000	P=0.00000	F=0.00000
			27:	R=0.15428	P=1.00000	F=0.26732
				LOC:	R=0.20438	P=1.00000	F=0.33940
				ORG:	R=0.11111	P=1.00000	F=0.20000
			29:	R=0.27894	P=1.00000	F=0.43621
				LOC:	R=0.50000	P=1.00000	F=0.66667
				ORG:	R=0.00000	P=0.00000	F=0.00000
			32:	R=0.00000	P=0.00000	F=0.00000
				ORG:	R=0.00000	P=0.00000	F=0.00000
			11:	R=0.00000	P=0.00000	F=0.00000
				LOC:	R=0.00000	P=0.00000	F=0.00000
				ORG:	R=0.00000	P=0.00000	F=0.00000
				MISC:	R=0.00000	P=0.00000	F=0.00000
			3:	R=0.14093	P=1.00000	F=0.24705
				PER:	R=0.10000	P=1.00000	F=0.18182
				LOC:	R=0.33333	P=1.00000	F=0.50000
				ORG:	R=0.00000	P=0.00000	F=0.00000
3b) Single language level
-------------------------
All corpora:	R=0.30450	P=1.00000	F=0.46684
	PER:	R=0.21583	P=1.00000	F=0.35503
	LOC:	R=0.49467	P=1.00000	F=0.66192
	ORG:	R=0.20568	P=1.00000	F=0.34118
	MISC:	R=0.00000	P=0.00000	F=0.00000
	cs:	R=0.35349	P=1.00000	F=0.52234
		PER:	R=0.31743	P=1.00000	F=0.48189
		LOC:	R=0.42879	P=1.00000	F=0.60022
		ORG:	R=0.36163	P=1.00000	F=0.53118
		MISC:	R=0.00000	P=0.00000	F=0.00000
	sk:	R=0.24244	P=1.00000	F=0.39026
		PER:	R=0.14932	P=1.00000	F=0.25985
		LOC:	R=0.47843	P=1.00000	F=0.64721
		ORG:	R=0.15088	P=1.00000	F=0.26219
		MISC:	R=0.00000	P=0.00000	F=0.00000
	pl:	R=0.31871	P=1.00000	F=0.48336
		PER:	R=0.15226	P=1.00000	F=0.26428
		LOC:	R=0.53004	P=1.00000	F=0.69285
		ORG:	R=0.18520	P=1.00000	F=0.31252
		MISC:	R=0.00000	P=0.00000	F=0.00000
	trump:	R=0.36747	P=1.00000	F=0.53745
		PER:	R=0.25549	P=1.00000	F=0.40699
		LOC:	R=0.46038	P=1.00000	F=0.63049
		ORG:	R=0.50000	P=1.00000	F=0.66667
		MISC:	R=0.00000	P=0.00000	F=0.00000
		cs:	R=0.45120	P=1.00000	F=0.62183
			PER:	R=0.44206	P=1.00000	F=0.61309
			LOC:	R=0.20000	P=1.00000	F=0.33333
			ORG:	R=1.00000	P=1.00000	F=1.00000
			MISC:	R=0.00000	P=0.00000	F=0.00000
		sk:	R=0.27849	P=1.00000	F=0.43566
			PER:	R=0.20031	P=1.00000	F=0.33377
			LOC:	R=0.32653	P=1.00000	F=0.49231
			ORG:	R=0.34569	P=1.00000	F=0.51377
		pl:	R=0.38614	P=1.00000	F=0.55715
			PER:	R=0.17693	P=1.00000	F=0.30067
			LOC:	R=0.55618	P=1.00000	F=0.71481
			ORG:	R=0.43621	P=1.00000	F=0.60744
			MISC:	R=0.00000	P=0.00000	F=0.00000
	ec:	R=0.25604	P=1.00000	F=0.40769
		PER:	R=0.14667	P=1.00000	F=0.25582
		LOC:	R=0.52176	P=1.00000	F=0.68573
		ORG:	R=0.10246	P=1.00000	F=0.18587
		MISC:	R=0.00000	P=0.00000	F=0.00000
		cs:	R=0.30375	P=1.00000	F=0.46596
			PER:	R=0.21911	P=1.00000	F=0.35946
			LOC:	R=0.48797	P=1.00000	F=0.65589
			ORG:	R=0.15851	P=1.00000	F=0.27364
		sk:	R=0.21621	P=1.00000	F=0.35555
			PER:	R=0.00000	P=0.00000	F=0.00000
			LOC:	R=0.60098	P=1.00000	F=0.75076
			ORG:	R=0.07849	P=1.00000	F=0.14556
			MISC:	R=0.00000	P=0.00000	F=0.00000
		pl:	R=0.25100	P=1.00000	F=0.40128
			PER:	R=0.06990	P=1.00000	F=0.13066
			LOC:	R=0.49973	P=1.00000	F=0.66643
			ORG:	R=0.09818	P=1.00000	F=0.17880
			MISC:	R=0.00000	P=0.00000	F=0.00000
3c) Cross-language level
------------------------
All corpora:	R=0.11944	P=1.00000	F=0.21339
	PER:	R=0.18352	P=1.00000	F=0.31013
	LOC:	R=0.06337	P=1.00000	F=0.11919
	ORG:	R=0.09656	P=1.00000	F=0.17611
	MISC:	R=1.00000	P=1.00000	F=1.00000
	trump:	R=0.23556	P=1.00000	F=0.38131
		PER:	R=0.20384	P=1.00000	F=0.33865
		LOC:	R=0.16118	P=1.00000	F=0.27762
		ORG:	R=0.27335	P=1.00000	F=0.42934
		MISC:	R=1.00000	P=1.00000	F=1.00000
	ec:	R=0.03491	P=1.00000	F=0.06746
		PER:	R=0.13771	P=1.00000	F=0.24208
		LOC:	R=0.02630	P=1.00000	F=0.05126
		ORG:	R=0.00163	P=1.00000	F=0.00326
