Tue Jan  7 12:00:33 2014
	Spusteni serveru Tue Jan  7 12:00:33 2014

Tue Jan  7 12:00:33 2014
	Server bezi na portu 10000
Tue Jan  7 12:00:33 2014
	Pripojil se hrac Shorty, ID = 2046498340
Tue Jan  7 12:00:33 2014
	Vytvorena hra ID = 18183577
Tue Jan  7 12:00:33 2014
	Hrac ID = 2046498340 se pripojil do hry ID = 18183577
Tue Jan  7 12:00:33 2014
	Pripojil se hrac Miska, ID = 401949129
Tue Jan  7 12:00:33 2014
	Hrac ID = 401949129 se pripojil do hry ID = 18183577
Tue Jan  7 12:00:33 2014
	Hrac ID = 2046498340 se odpojil od hry ID = 18183577
Tue Jan  7 12:00:33 2014
	Odpojil se hrac ID = 2046498340
Tue Jan  7 12:00:33 2014
	Hrac ID = 401949129 se odpojil od hry ID = 18183577
Tue Jan  7 12:00:33 2014
	Zrusena hra ID = 18183577
Tue Jan  7 12:00:33 2014
	Vytvorena hra ID = 1017889904
Tue Jan  7 12:00:33 2014
	Hrac ID = 401949129 se pripojil do hry ID = 1017889904
Tue Jan  7 12:00:33 2014
	Odpojil se hrac ID = 401949129
Tue Jan  7 12:00:33 2014
	Zrusena hra ID = 1017889904
Tue Jan  7 12:00:33 2014
	Vypnuti serveru
